<?xml version="1.0" encoding="UTF-8"?>
<coverage generated="1753803685569" clover="3.2.0">
  <project timestamp="1753803685569" name="All files">
    <metrics statements="385" coveredstatements="358" conditionals="89" coveredconditionals="79" methods="117" coveredmethods="107" elements="591" coveredelements="544" complexity="0" loc="385" ncloc="385" packages="12" files="33" classes="33"/>
    <package name="application.factories">
      <metrics statements="3" coveredstatements="3" conditionals="0" coveredconditionals="0" methods="1" coveredmethods="1"/>
      <file name="date_range_factory.ts" path="/home/gianverdum/projects/fullcycle/tdd/src/application/factories/date_range_factory.ts">
        <metrics statements="3" coveredstatements="3" conditionals="0" coveredconditionals="0" methods="1" coveredmethods="1"/>
        <line num="1" count="1" type="stmt"/>
        <line num="3" count="1" type="stmt"/>
        <line num="5" count="3" type="stmt"/>
      </file>
    </package>
    <package name="application.services">
      <metrics statements="42" coveredstatements="40" conditionals="14" coveredconditionals="11" methods="9" coveredmethods="9"/>
      <file name="booking_service.ts" path="/home/gianverdum/projects/fullcycle/tdd/src/application/services/booking_service.ts">
        <metrics statements="22" coveredstatements="22" conditionals="10" coveredconditionals="9" methods="3" coveredmethods="3"/>
        <line num="1" count="2" type="stmt"/>
        <line num="7" count="2" type="stmt"/>
        <line num="9" count="2" type="stmt"/>
        <line num="11" count="7" type="stmt"/>
        <line num="12" count="7" type="stmt"/>
        <line num="13" count="7" type="stmt"/>
        <line num="14" count="7" type="stmt"/>
        <line num="17" count="10" type="stmt"/>
        <line num="18" count="10" type="cond" truecount="2" falsecount="0"/>
        <line num="19" count="2" type="stmt"/>
        <line num="21" count="8" type="stmt"/>
        <line num="22" count="8" type="cond" truecount="2" falsecount="0"/>
        <line num="23" count="1" type="stmt"/>
        <line num="25" count="7" type="stmt"/>
        <line num="27" count="7" type="stmt"/>
        <line num="35" count="5" type="stmt"/>
        <line num="37" count="5" type="stmt"/>
        <line num="41" count="4" type="stmt"/>
        <line num="43" count="4" type="cond" truecount="2" falsecount="0"/>
        <line num="44" count="2" type="stmt"/>
        <line num="47" count="2" type="cond" truecount="3" falsecount="1"/>
        <line num="48" count="2" type="stmt"/>
      </file>
      <file name="property_service.ts" path="/home/gianverdum/projects/fullcycle/tdd/src/application/services/property_service.ts">
        <metrics statements="10" coveredstatements="9" conditionals="2" coveredconditionals="1" methods="3" coveredmethods="3"/>
        <line num="1" count="4" type="stmt"/>
        <line num="4" count="4" type="stmt"/>
        <line num="6" count="4" type="stmt"/>
        <line num="7" count="5" type="stmt"/>
        <line num="10" count="3" type="stmt"/>
        <line num="17" count="1" type="cond" truecount="1" falsecount="1"/>
        <line num="18" count="0" type="stmt"/>
        <line num="21" count="1" type="stmt"/>
        <line num="22" count="1" type="stmt"/>
        <line num="26" count="7" type="stmt"/>
      </file>
      <file name="user_service.ts" path="/home/gianverdum/projects/fullcycle/tdd/src/application/services/user_service.ts">
        <metrics statements="10" coveredstatements="9" conditionals="2" coveredconditionals="1" methods="3" coveredmethods="3"/>
        <line num="1" count="4" type="stmt"/>
        <line num="4" count="4" type="stmt"/>
        <line num="6" count="4" type="stmt"/>
        <line num="7" count="5" type="stmt"/>
        <line num="10" count="2" type="stmt"/>
        <line num="11" count="1" type="cond" truecount="1" falsecount="1"/>
        <line num="12" count="0" type="stmt"/>
        <line num="14" count="1" type="stmt"/>
        <line num="15" count="1" type="stmt"/>
        <line num="19" count="6" type="stmt"/>
      </file>
    </package>
    <package name="database.migrations">
      <metrics statements="12" coveredstatements="7" conditionals="0" coveredconditionals="0" methods="3" coveredmethods="2"/>
      <file name="1753801675226-Init.ts" path="/home/gianverdum/projects/fullcycle/tdd/src/database/migrations/1753801675226-Init.ts">
        <metrics statements="12" coveredstatements="7" conditionals="0" coveredconditionals="0" methods="3" coveredmethods="2"/>
        <line num="3" count="6" type="stmt"/>
        <line num="4" count="6" type="stmt"/>
        <line num="7" count="6" type="stmt"/>
        <line num="8" count="6" type="stmt"/>
        <line num="9" count="6" type="stmt"/>
        <line num="10" count="6" type="stmt"/>
        <line num="11" count="6" type="stmt"/>
        <line num="15" count="0" type="stmt"/>
        <line num="16" count="0" type="stmt"/>
        <line num="17" count="0" type="stmt"/>
        <line num="18" count="0" type="stmt"/>
        <line num="19" count="0" type="stmt"/>
      </file>
    </package>
    <package name="domain.cancelation">
      <metrics statements="15" coveredstatements="15" conditionals="4" coveredconditionals="4" methods="4" coveredmethods="4"/>
      <file name="full_refund.ts" path="/home/gianverdum/projects/fullcycle/tdd/src/domain/cancelation/full_refund.ts">
        <metrics statements="2" coveredstatements="2" conditionals="0" coveredconditionals="0" methods="1" coveredmethods="1"/>
        <line num="3" count="8" type="stmt"/>
        <line num="5" count="4" type="stmt"/>
      </file>
      <file name="no_refund.ts" path="/home/gianverdum/projects/fullcycle/tdd/src/domain/cancelation/no_refund.ts">
        <metrics statements="2" coveredstatements="2" conditionals="0" coveredconditionals="0" methods="1" coveredmethods="1"/>
        <line num="3" count="8" type="stmt"/>
        <line num="5" count="6" type="stmt"/>
      </file>
      <file name="partial_refund.ts" path="/home/gianverdum/projects/fullcycle/tdd/src/domain/cancelation/partial_refund.ts">
        <metrics statements="2" coveredstatements="2" conditionals="0" coveredconditionals="0" methods="1" coveredmethods="1"/>
        <line num="3" count="8" type="stmt"/>
        <line num="5" count="6" type="stmt"/>
      </file>
      <file name="refund_rule_factory.ts" path="/home/gianverdum/projects/fullcycle/tdd/src/domain/cancelation/refund_rule_factory.ts">
        <metrics statements="9" coveredstatements="9" conditionals="4" coveredconditionals="4" methods="1" coveredmethods="1"/>
        <line num="1" count="7" type="stmt"/>
        <line num="2" count="7" type="stmt"/>
        <line num="3" count="7" type="stmt"/>
        <line num="6" count="7" type="stmt"/>
        <line num="8" count="17" type="cond" truecount="2" falsecount="0"/>
        <line num="9" count="2" type="stmt"/>
        <line num="10" count="15" type="cond" truecount="2" falsecount="0"/>
        <line num="11" count="10" type="stmt"/>
        <line num="13" count="5" type="stmt"/>
      </file>
    </package>
    <package name="domain.entities">
      <metrics statements="76" coveredstatements="76" conditionals="28" coveredconditionals="28" methods="26" coveredmethods="26"/>
      <file name="booking.ts" path="/home/gianverdum/projects/fullcycle/tdd/src/domain/entities/booking.ts">
        <metrics statements="35" coveredstatements="35" conditionals="10" coveredconditionals="10" methods="11" coveredmethods="11"/>
        <line num="1" count="6" type="stmt"/>
        <line num="6" count="6" type="stmt"/>
        <line num="12" count="29" type="stmt"/>
        <line num="22" count="29" type="stmt"/>
        <line num="23" count="29" type="stmt"/>
        <line num="24" count="29" type="stmt"/>
        <line num="25" count="29" type="stmt"/>
        <line num="26" count="29" type="stmt"/>
        <line num="27" count="29" type="stmt"/>
        <line num="28" count="29" type="stmt"/>
        <line num="29" count="29" type="stmt"/>
        <line num="31" count="22" type="stmt"/>
        <line num="35" count="21" type="stmt"/>
        <line num="39" count="13" type="stmt"/>
        <line num="43" count="12" type="stmt"/>
        <line num="47" count="1" type="stmt"/>
        <line num="51" count="28" type="stmt"/>
        <line num="55" count="13" type="stmt"/>
        <line num="59" count="19" type="stmt"/>
        <line num="63" count="15" type="stmt"/>
        <line num="67" count="8" type="cond" truecount="2" falsecount="0"/>
        <line num="68" count="1" type="stmt"/>
        <line num="71" count="7" type="stmt"/>
        <line num="72" count="7" type="stmt"/>
        <line num="73" count="7" type="stmt"/>
        <line num="75" count="7" type="stmt"/>
        <line num="76" count="7" type="stmt"/>
        <line num="78" count="7" type="stmt"/>
        <line num="82" count="29" type="cond" truecount="2" falsecount="0"/>
        <line num="83" count="1" type="stmt"/>
        <line num="85" count="28" type="cond" truecount="4" falsecount="0"/>
        <line num="86" count="3" type="stmt"/>
        <line num="88" count="25" type="stmt"/>
        <line num="89" count="24" type="cond" truecount="2" falsecount="0"/>
        <line num="90" count="2" type="stmt"/>
      </file>
      <file name="property.ts" path="/home/gianverdum/projects/fullcycle/tdd/src/domain/entities/property.ts">
        <metrics statements="32" coveredstatements="32" conditionals="14" coveredconditionals="14" methods="12" coveredmethods="12"/>
        <line num="4" count="10" type="stmt"/>
        <line num="6" count="63" type="stmt"/>
        <line num="8" count="63" type="stmt"/>
        <line num="9" count="63" type="stmt"/>
        <line num="10" count="63" type="stmt"/>
        <line num="11" count="63" type="stmt"/>
        <line num="12" count="63" type="stmt"/>
        <line num="14" count="63" type="stmt"/>
        <line num="19" count="63" type="stmt"/>
        <line num="23" count="38" type="stmt"/>
        <line num="27" count="25" type="stmt"/>
        <line num="31" count="21" type="stmt"/>
        <line num="35" count="23" type="stmt"/>
        <line num="39" count="21" type="stmt"/>
        <line num="43" count="22" type="cond" truecount="2" falsecount="0"/>
        <line num="44" count="2" type="stmt"/>
        <line num="49" count="27" type="stmt"/>
        <line num="50" count="27" type="stmt"/>
        <line num="51" count="27" type="cond" truecount="2" falsecount="0"/>
        <line num="52" count="16" type="stmt"/>
        <line num="54" count="11" type="stmt"/>
        <line num="58" count="22" type="stmt"/>
        <line num="60" count="3" type="cond" truecount="2" falsecount="0"/>
        <line num="66" count="19" type="stmt"/>
        <line num="70" count="63" type="cond" truecount="2" falsecount="0"/>
        <line num="71" count="1" type="stmt"/>
        <line num="73" count="62" type="cond" truecount="2" falsecount="0"/>
        <line num="74" count="3" type="stmt"/>
        <line num="76" count="59" type="cond" truecount="2" falsecount="0"/>
        <line num="77" count="2" type="stmt"/>
        <line num="79" count="57" type="cond" truecount="2" falsecount="0"/>
        <line num="80" count="2" type="stmt"/>
      </file>
      <file name="user.ts" path="/home/gianverdum/projects/fullcycle/tdd/src/domain/entities/user.ts">
        <metrics statements="9" coveredstatements="9" conditionals="4" coveredconditionals="4" methods="3" coveredmethods="3"/>
        <line num="1" count="10" type="stmt"/>
        <line num="7" count="53" type="cond" truecount="2" falsecount="0"/>
        <line num="8" count="2" type="stmt"/>
        <line num="10" count="51" type="cond" truecount="2" falsecount="0"/>
        <line num="11" count="1" type="stmt"/>
        <line num="13" count="50" type="stmt"/>
        <line num="14" count="50" type="stmt"/>
        <line num="18" count="37" type="stmt"/>
        <line num="22" count="23" type="stmt"/>
      </file>
    </package>
    <package name="domain.value_objects">
      <metrics statements="13" coveredstatements="13" conditionals="6" coveredconditionals="6" methods="6" coveredmethods="6"/>
      <file name="date_range.ts" path="/home/gianverdum/projects/fullcycle/tdd/src/domain/value_objects/date_range.ts">
        <metrics statements="13" coveredstatements="13" conditionals="6" coveredconditionals="6" methods="6" coveredmethods="6"/>
        <line num="1" count="6" type="stmt"/>
        <line num="6" count="35" type="stmt"/>
        <line num="7" count="33" type="stmt"/>
        <line num="8" count="33" type="stmt"/>
        <line num="12" count="23" type="stmt"/>
        <line num="16" count="17" type="stmt"/>
        <line num="20" count="29" type="stmt"/>
        <line num="21" count="29" type="stmt"/>
        <line num="25" count="4" type="stmt"/>
        <line num="31" count="35" type="cond" truecount="2" falsecount="0"/>
        <line num="32" count="1" type="stmt"/>
        <line num="34" count="34" type="cond" truecount="2" falsecount="0"/>
        <line num="35" count="1" type="stmt"/>
      </file>
    </package>
    <package name="infrastructure.persistence.entities">
      <metrics statements="28" coveredstatements="28" conditionals="0" coveredconditionals="0" methods="5" coveredmethods="5"/>
      <file name="booking_entity.ts" path="/home/gianverdum/projects/fullcycle/tdd/src/infrastructure/persistence/entities/booking_entity.ts">
        <metrics statements="14" coveredstatements="14" conditionals="0" coveredconditionals="0" methods="3" coveredmethods="3"/>
        <line num="1" count="6" type="stmt"/>
        <line num="2" count="6" type="stmt"/>
        <line num="3" count="6" type="stmt"/>
        <line num="6" count="6" type="stmt"/>
        <line num="8" count="6" type="stmt"/>
        <line num="10" count="4" type="stmt"/>
        <line num="14" count="6" type="stmt"/>
        <line num="16" count="4" type="stmt"/>
        <line num="18" count="6" type="stmt"/>
        <line num="21" count="6" type="stmt"/>
        <line num="24" count="6" type="stmt"/>
        <line num="27" count="6" type="stmt"/>
        <line num="30" count="6" type="stmt"/>
        <line num="33" count="6" type="stmt"/>
      </file>
      <file name="property_entity.ts" path="/home/gianverdum/projects/fullcycle/tdd/src/infrastructure/persistence/entities/property_entity.ts">
        <metrics statements="10" coveredstatements="10" conditionals="0" coveredconditionals="0" methods="2" coveredmethods="2"/>
        <line num="1" count="6" type="stmt"/>
        <line num="2" count="6" type="stmt"/>
        <line num="5" count="6" type="stmt"/>
        <line num="7" count="6" type="stmt"/>
        <line num="10" count="6" type="stmt"/>
        <line num="13" count="6" type="stmt"/>
        <line num="16" count="6" type="stmt"/>
        <line num="19" count="6" type="stmt"/>
        <line num="21" count="4" type="stmt"/>
        <line num="22" count="6" type="stmt"/>
      </file>
      <file name="user_entity.ts" path="/home/gianverdum/projects/fullcycle/tdd/src/infrastructure/persistence/entities/user_entity.ts">
        <metrics statements="4" coveredstatements="4" conditionals="0" coveredconditionals="0" methods="0" coveredmethods="0"/>
        <line num="1" count="8" type="stmt"/>
        <line num="4" count="8" type="stmt"/>
        <line num="6" count="8" type="stmt"/>
        <line num="9" count="8" type="stmt"/>
      </file>
    </package>
    <package name="infrastructure.persistence.mappers">
      <metrics statements="41" coveredstatements="41" conditionals="2" coveredconditionals="2" methods="6" coveredmethods="6"/>
      <file name="booking_mapper.ts" path="/home/gianverdum/projects/fullcycle/tdd/src/infrastructure/persistence/mappers/booking_mapper.ts">
        <metrics statements="22" coveredstatements="22" conditionals="2" coveredconditionals="2" methods="2" coveredmethods="2"/>
        <line num="1" count="3" type="stmt"/>
        <line num="3" count="3" type="stmt"/>
        <line num="4" count="3" type="stmt"/>
        <line num="5" count="3" type="stmt"/>
        <line num="6" count="3" type="stmt"/>
        <line num="8" count="3" type="stmt"/>
        <line num="10" count="6" type="stmt"/>
        <line num="11" count="6" type="stmt"/>
        <line num="13" count="6" type="stmt"/>
        <line num="21" count="4" type="stmt"/>
        <line num="22" count="4" type="stmt"/>
        <line num="24" count="4" type="stmt"/>
        <line num="28" count="7" type="stmt"/>
        <line num="29" count="7" type="stmt"/>
        <line num="30" count="7" type="stmt"/>
        <line num="31" count="7" type="stmt"/>
        <line num="32" count="7" type="stmt"/>
        <line num="33" count="7" type="stmt"/>
        <line num="34" count="7" type="stmt"/>
        <line num="35" count="7" type="stmt"/>
        <line num="36" count="7" type="stmt"/>
        <line num="38" count="7" type="stmt"/>
      </file>
      <file name="property_mapper.ts" path="/home/gianverdum/projects/fullcycle/tdd/src/infrastructure/persistence/mappers/property_mapper.ts">
        <metrics statements="11" coveredstatements="11" conditionals="0" coveredconditionals="0" methods="2" coveredmethods="2"/>
        <line num="1" count="6" type="stmt"/>
        <line num="2" count="6" type="stmt"/>
        <line num="4" count="6" type="stmt"/>
        <line num="6" count="20" type="stmt"/>
        <line num="16" count="11" type="stmt"/>
        <line num="17" count="11" type="stmt"/>
        <line num="18" count="11" type="stmt"/>
        <line num="19" count="11" type="stmt"/>
        <line num="20" count="11" type="stmt"/>
        <line num="21" count="11" type="stmt"/>
        <line num="22" count="11" type="stmt"/>
      </file>
      <file name="user_mappers.ts" path="/home/gianverdum/projects/fullcycle/tdd/src/infrastructure/persistence/mappers/user_mappers.ts">
        <metrics statements="8" coveredstatements="8" conditionals="0" coveredconditionals="0" methods="2" coveredmethods="2"/>
        <line num="1" count="5" type="stmt"/>
        <line num="2" count="5" type="stmt"/>
        <line num="4" count="5" type="stmt"/>
        <line num="6" count="17" type="stmt"/>
        <line num="10" count="10" type="stmt"/>
        <line num="11" count="10" type="stmt"/>
        <line num="12" count="10" type="stmt"/>
        <line num="13" count="10" type="stmt"/>
      </file>
    </package>
    <package name="infrastructure.repositories">
      <metrics statements="35" coveredstatements="35" conditionals="12" coveredconditionals="12" methods="21" coveredmethods="21"/>
      <file name="fake_booking_repository.ts" path="/home/gianverdum/projects/fullcycle/tdd/src/infrastructure/repositories/fake_booking_repository.ts">
        <metrics statements="4" coveredstatements="4" conditionals="2" coveredconditionals="2" methods="4" coveredmethods="4"/>
        <line num="4" count="1" type="stmt"/>
        <line num="5" count="6" type="stmt"/>
        <line num="8" count="4" type="stmt"/>
        <line num="11" count="4" type="cond" truecount="2" falsecount="0"/>
      </file>
      <file name="fake_property_repository.ts" path="/home/gianverdum/projects/fullcycle/tdd/src/infrastructure/repositories/fake_property_repository.ts">
        <metrics statements="5" coveredstatements="5" conditionals="2" coveredconditionals="2" methods="4" coveredmethods="4"/>
        <line num="1" count="1" type="stmt"/>
        <line num="4" count="1" type="stmt"/>
        <line num="5" count="3" type="stmt"/>
        <line num="10" count="1" type="stmt"/>
        <line num="13" count="6" type="cond" truecount="2" falsecount="0"/>
      </file>
      <file name="fake_user_repository.ts" path="/home/gianverdum/projects/fullcycle/tdd/src/infrastructure/repositories/fake_user_repository.ts">
        <metrics statements="5" coveredstatements="5" conditionals="2" coveredconditionals="2" methods="4" coveredmethods="4"/>
        <line num="1" count="1" type="stmt"/>
        <line num="4" count="1" type="stmt"/>
        <line num="5" count="3" type="stmt"/>
        <line num="11" count="6" type="cond" truecount="2" falsecount="0"/>
        <line num="15" count="1" type="stmt"/>
      </file>
      <file name="typeorm_booking_repository.ts" path="/home/gianverdum/projects/fullcycle/tdd/src/infrastructure/repositories/typeorm_booking_repository.ts">
        <metrics statements="7" coveredstatements="7" conditionals="2" coveredconditionals="2" methods="3" coveredmethods="3"/>
        <line num="5" count="2" type="stmt"/>
        <line num="7" count="2" type="stmt"/>
        <line num="11" count="2" type="stmt"/>
        <line num="15" count="6" type="stmt"/>
        <line num="16" count="6" type="stmt"/>
        <line num="19" count="5" type="stmt"/>
        <line num="23" count="5" type="cond" truecount="2" falsecount="0"/>
      </file>
      <file name="typeorm_property_repository.ts" path="/home/gianverdum/projects/fullcycle/tdd/src/infrastructure/repositories/typeorm_property_repository.ts">
        <metrics statements="7" coveredstatements="7" conditionals="2" coveredconditionals="2" methods="3" coveredmethods="3"/>
        <line num="3" count="3" type="stmt"/>
        <line num="7" count="3" type="stmt"/>
        <line num="11" count="3" type="stmt"/>
        <line num="15" count="3" type="stmt"/>
        <line num="16" count="3" type="stmt"/>
        <line num="20" count="6" type="stmt"/>
        <line num="21" count="6" type="cond" truecount="2" falsecount="0"/>
      </file>
      <file name="typeorm_user_repository.ts" path="/home/gianverdum/projects/fullcycle/tdd/src/infrastructure/repositories/typeorm_user_repository.ts">
        <metrics statements="7" coveredstatements="7" conditionals="2" coveredconditionals="2" methods="3" coveredmethods="3"/>
        <line num="5" count="3" type="stmt"/>
        <line num="7" count="3" type="stmt"/>
        <line num="11" count="3" type="stmt"/>
        <line num="15" count="3" type="stmt"/>
        <line num="16" count="3" type="stmt"/>
        <line num="20" count="5" type="stmt"/>
        <line num="21" count="5" type="cond" truecount="2" falsecount="0"/>
      </file>
    </package>
    <package name="infrastructure.web">
      <metrics statements="32" coveredstatements="32" conditionals="14" coveredconditionals="10" methods="7" coveredmethods="7"/>
      <file name="booking_controller.ts" path="/home/gianverdum/projects/fullcycle/tdd/src/infrastructure/web/booking_controller.ts">
        <metrics statements="16" coveredstatements="16" conditionals="8" coveredconditionals="6" methods="3" coveredmethods="3"/>
        <line num="5" count="1" type="stmt"/>
        <line num="9" count="1" type="stmt"/>
        <line num="13" count="6" type="stmt"/>
        <line num="14" count="6" type="stmt"/>
        <line num="15" count="6" type="stmt"/>
        <line num="17" count="6" type="cond" truecount="4" falsecount="0"/>
        <line num="18" count="2" type="stmt"/>
        <line num="21" count="4" type="stmt"/>
        <line num="29" count="4" type="stmt"/>
        <line num="31" count="2" type="stmt"/>
        <line num="45" count="2" type="cond" truecount="1" falsecount="1"/>
        <line num="50" count="2" type="stmt"/>
        <line num="51" count="2" type="stmt"/>
        <line num="52" count="2" type="stmt"/>
        <line num="54" count="1" type="stmt"/>
        <line num="56" count="1" type="cond" truecount="1" falsecount="1"/>
      </file>
      <file name="property_controller.ts" path="/home/gianverdum/projects/fullcycle/tdd/src/infrastructure/web/property_controller.ts">
        <metrics statements="9" coveredstatements="9" conditionals="4" coveredconditionals="3" methods="2" coveredmethods="2"/>
        <line num="6" count="1" type="stmt"/>
        <line num="10" count="1" type="stmt"/>
        <line num="14" count="4" type="stmt"/>
        <line num="15" count="4" type="stmt"/>
        <line num="22" count="4" type="cond" truecount="2" falsecount="0"/>
        <line num="23" count="1" type="stmt"/>
        <line num="26" count="3" type="stmt"/>
        <line num="27" count="1" type="stmt"/>
        <line num="38" count="3" type="cond" truecount="1" falsecount="1"/>
      </file>
      <file name="user_controller.ts" path="/home/gianverdum/projects/fullcycle/tdd/src/infrastructure/web/user_controller.ts">
        <metrics statements="7" coveredstatements="7" conditionals="2" coveredconditionals="1" methods="2" coveredmethods="2"/>
        <line num="5" count="1" type="stmt"/>
        <line num="6" count="1" type="stmt"/>
        <line num="9" count="2" type="stmt"/>
        <line num="10" count="2" type="stmt"/>
        <line num="14" count="2" type="stmt"/>
        <line num="15" count="1" type="stmt"/>
        <line num="23" count="1" type="cond" truecount="1" falsecount="1"/>
      </file>
    </package>
    <package name="test.data-builders">
      <metrics statements="70" coveredstatements="51" conditionals="5" coveredconditionals="4" methods="27" coveredmethods="18"/>
      <file name="booking.builder.ts" path="/home/gianverdum/projects/fullcycle/tdd/src/test/data-builders/booking.builder.ts">
        <metrics statements="25" coveredstatements="20" conditionals="5" coveredconditionals="4" methods="8" coveredmethods="6"/>
        <line num="1" count="1" type="stmt"/>
        <line num="2" count="1" type="stmt"/>
        <line num="3" count="1" type="stmt"/>
        <line num="4" count="1" type="stmt"/>
        <line num="8" count="1" type="stmt"/>
        <line num="10" count="1" type="stmt"/>
        <line num="18" count="2" type="stmt"/>
        <line num="19" count="2" type="stmt"/>
        <line num="20" count="2" type="stmt"/>
        <line num="21" count="2" type="stmt"/>
        <line num="22" count="2" type="stmt"/>
        <line num="26" count="2" type="stmt"/>
        <line num="30" count="0" type="stmt"/>
        <line num="31" count="0" type="stmt"/>
        <line num="35" count="2" type="stmt"/>
        <line num="36" count="2" type="stmt"/>
        <line num="40" count="2" type="stmt"/>
        <line num="41" count="2" type="stmt"/>
        <line num="45" count="0" type="stmt"/>
        <line num="46" count="0" type="stmt"/>
        <line num="50" count="2" type="stmt"/>
        <line num="51" count="2" type="stmt"/>
        <line num="55" count="2" type="cond" truecount="4" falsecount="1"/>
        <line num="56" count="0" type="stmt"/>
        <line num="58" count="2" type="stmt"/>
      </file>
      <file name="date_range.builder.ts" path="/home/gianverdum/projects/fullcycle/tdd/src/test/data-builders/date_range.builder.ts">
        <metrics statements="14" coveredstatements="8" conditionals="0" coveredconditionals="0" methods="6" coveredmethods="3"/>
        <line num="1" count="1" type="stmt"/>
        <line num="2" count="1" type="stmt"/>
        <line num="4" count="1" type="stmt"/>
        <line num="9" count="2" type="stmt"/>
        <line num="11" count="2" type="stmt"/>
        <line num="12" count="2" type="stmt"/>
        <line num="18" count="2" type="stmt"/>
        <line num="22" count="0" type="stmt"/>
        <line num="23" count="0" type="stmt"/>
        <line num="27" count="0" type="stmt"/>
        <line num="28" count="0" type="stmt"/>
        <line num="32" count="0" type="stmt"/>
        <line num="33" count="0" type="stmt"/>
        <line num="38" count="2" type="stmt"/>
      </file>
      <file name="property.builder.ts" path="/home/gianverdum/projects/fullcycle/tdd/src/test/data-builders/property.builder.ts">
        <metrics statements="20" coveredstatements="14" conditionals="0" coveredconditionals="0" methods="8" coveredmethods="5"/>
        <line num="1" count="1" type="stmt"/>
        <line num="2" count="1" type="stmt"/>
        <line num="4" count="1" type="stmt"/>
        <line num="12" count="9" type="stmt"/>
        <line num="13" count="9" type="stmt"/>
        <line num="14" count="9" type="stmt"/>
        <line num="15" count="9" type="stmt"/>
        <line num="16" count="9" type="stmt"/>
        <line num="20" count="9" type="stmt"/>
        <line num="24" count="7" type="stmt"/>
        <line num="25" count="7" type="stmt"/>
        <line num="29" count="0" type="stmt"/>
        <line num="30" count="0" type="stmt"/>
        <line num="34" count="0" type="stmt"/>
        <line num="35" count="0" type="stmt"/>
        <line num="39" count="7" type="stmt"/>
        <line num="40" count="7" type="stmt"/>
        <line num="44" count="0" type="stmt"/>
        <line num="45" count="0" type="stmt"/>
        <line num="49" count="9" type="stmt"/>
      </file>
      <file name="user.builder.ts" path="/home/gianverdum/projects/fullcycle/tdd/src/test/data-builders/user.builder.ts">
        <metrics statements="11" coveredstatements="9" conditionals="0" coveredconditionals="0" methods="5" coveredmethods="4"/>
        <line num="1" count="1" type="stmt"/>
        <line num="2" count="1" type="stmt"/>
        <line num="4" count="1" type="stmt"/>
        <line num="9" count="9" type="stmt"/>
        <line num="10" count="9" type="stmt"/>
        <line num="14" count="9" type="stmt"/>
        <line num="18" count="7" type="stmt"/>
        <line num="19" count="7" type="stmt"/>
        <line num="23" count="0" type="stmt"/>
        <line num="24" count="0" type="stmt"/>
        <line num="28" count="9" type="stmt"/>
      </file>
    </package>
    <package name="test.utils">
      <metrics statements="18" coveredstatements="17" conditionals="4" coveredconditionals="2" methods="2" coveredmethods="2"/>
      <file name="create_test_datasource.ts" path="/home/gianverdum/projects/fullcycle/tdd/src/test/utils/create_test_datasource.ts">
        <metrics statements="18" coveredstatements="17" conditionals="4" coveredconditionals="2" methods="2" coveredmethods="2"/>
        <line num="1" count="6" type="stmt"/>
        <line num="2" count="6" type="stmt"/>
        <line num="3" count="6" type="stmt"/>
        <line num="5" count="6" type="stmt"/>
        <line num="13" count="24" type="stmt"/>
        <line num="14" count="24" type="cond" truecount="1" falsecount="1"/>
        <line num="15" count="0" type="stmt"/>
        <line num="17" count="24" type="stmt"/>
        <line num="23" count="6" type="stmt"/>
        <line num="26" count="6" type="stmt"/>
        <line num="27" count="6" type="stmt"/>
        <line num="28" count="6" type="stmt"/>
        <line num="29" count="6" type="cond" truecount="1" falsecount="1"/>
        <line num="31" count="6" type="stmt"/>
        <line num="40" count="6" type="stmt"/>
        <line num="53" count="6" type="stmt"/>
        <line num="54" count="6" type="stmt"/>
        <line num="56" count="6" type="stmt"/>
      </file>
    </package>
  </project>
</coverage>
