{"/home/gianverdum/projects/fullcycle/tdd/src/application/factories/date_range_factory.ts": {"path":"/home/gianverdum/projects/fullcycle/tdd/src/application/factories/date_range_factory.ts","statementMap":{"0":{"start":{"line":1,"column":0},"end":{"line":1,"column":66}},"1":{"start":{"line":5,"column":8},"end":{"line":5,"column":41}},"2":{"start":{"line":3,"column":0},"end":{"line":3,"column":13}}},"fnMap":{"0":{"name":"(anonymous_0)","decl":{"start":{"line":4,"column":4},"end":{"line":4,"column":10}},"loc":{"start":{"line":4,"column":33},"end":{"line":6,"column":5}}}},"branchMap":{},"s":{"0":1,"1":3,"2":1},"f":{"0":3},"b":{}}
,"/home/gianverdum/projects/fullcycle/tdd/src/application/services/booking_service.ts": {"path":"/home/gianverdum/projects/fullcycle/tdd/src/application/services/booking_service.ts","statementMap":{"0":{"start":{"line":1,"column":0},"end":{"line":1,"column":56}},"1":{"start":{"line":7,"column":0},"end":{"line":7,"column":36}},"2":{"start":{"line":11,"column":25},"end":{"line":11,"column":61}},"3":{"start":{"line":12,"column":25},"end":{"line":12,"column":57}},"4":{"start":{"line":13,"column":25},"end":{"line":13,"column":49}},"5":{"start":{"line":14,"column":25},"end":{"line":14,"column":59}},"6":{"start":{"line":17,"column":25},"end":{"line":17,"column":84}},"7":{"start":{"line":18,"column":8},"end":{"line":20,"column":9}},"8":{"start":{"line":19,"column":12},"end":{"line":19,"column":50}},"9":{"start":{"line":21,"column":22},"end":{"line":21,"column":70}},"10":{"start":{"line":22,"column":8},"end":{"line":24,"column":9}},"11":{"start":{"line":23,"column":12},"end":{"line":23,"column":46}},"12":{"start":{"line":25,"column":26},"end":{"line":25,"column":82}},"13":{"start":{"line":27,"column":24},"end":{"line":32,"column":null}},"14":{"start":{"line":35,"column":8},"end":{"line":35,"column":51}},"15":{"start":{"line":37,"column":8},"end":{"line":37,"column":23}},"16":{"start":{"line":41,"column":24},"end":{"line":41,"column":72}},"17":{"start":{"line":43,"column":8},"end":{"line":45,"column":9}},"18":{"start":{"line":44,"column":12},"end":{"line":44,"column":49}},"19":{"start":{"line":47,"column":8},"end":{"line":47,"column":36}},"20":{"start":{"line":48,"column":8},"end":{"line":48,"column":52}},"21":{"start":{"line":9,"column":0},"end":{"line":9,"column":13}}},"fnMap":{"0":{"name":"(anonymous_0)","decl":{"start":{"line":10,"column":4},"end":{"line":10,"column":null}},"loc":{"start":{"line":14,"column":59},"end":{"line":15,"column":8}}},"1":{"name":"(anonymous_1)","decl":{"start":{"line":16,"column":10},"end":{"line":16,"column":23}},"loc":{"start":{"line":16,"column":45},"end":{"line":38,"column":null}}},"2":{"name":"(anonymous_3)","decl":{"start":{"line":40,"column":10},"end":{"line":40,"column":23}},"loc":{"start":{"line":40,"column":41},"end":{"line":49,"column":null}}}},"branchMap":{"0":{"loc":{"start":{"line":18,"column":8},"end":{"line":20,"column":9}},"type":"if","locations":[{"start":{"line":18,"column":8},"end":{"line":20,"column":9}},{"start":{},"end":{}}]},"1":{"loc":{"start":{"line":22,"column":8},"end":{"line":24,"column":9}},"type":"if","locations":[{"start":{"line":22,"column":8},"end":{"line":24,"column":9}},{"start":{},"end":{}}]},"2":{"loc":{"start":{"line":43,"column":8},"end":{"line":45,"column":9}},"type":"if","locations":[{"start":{"line":43,"column":8},"end":{"line":45,"column":9}},{"start":{},"end":{}}]},"3":{"loc":{"start":{"line":47,"column":8},"end":{"line":47,"column":35}},"type":"cond-expr","locations":[{"start":{"line":47,"column":15},"end":{"line":47,"column":17}},{"start":{"line":47,"column":8},"end":{"line":47,"column":35}}]},"4":{"loc":{"start":{"line":47,"column":8},"end":{"line":47,"column":17}},"type":"binary-expr","locations":[{"start":{"line":47,"column":8},"end":{"line":47,"column":17}},{"start":{"line":47,"column":8},"end":{"line":47,"column":17}}]}},"s":{"0":2,"1":2,"2":7,"3":7,"4":7,"5":7,"6":10,"7":10,"8":2,"9":8,"10":8,"11":1,"12":7,"13":7,"14":5,"15":5,"16":4,"17":4,"18":2,"19":2,"20":2,"21":2},"f":{"0":7,"1":10,"2":4},"b":{"0":[2,8],"1":[1,7],"2":[2,2],"3":[0,2],"4":[2,2]}}
,"/home/gianverdum/projects/fullcycle/tdd/src/application/services/property_service.ts": {"path":"/home/gianverdum/projects/fullcycle/tdd/src/application/services/property_service.ts","statementMap":{"0":{"start":{"line":1,"column":0},"end":{"line":1,"column":58}},"1":{"start":{"line":4,"column":0},"end":{"line":4,"column":36}},"2":{"start":{"line":7,"column":33},"end":{"line":7,"column":71}},"3":{"start":{"line":10,"column":25},"end":{"line":15,"column":null}},"4":{"start":{"line":17,"column":8},"end":{"line":19,"column":9}},"5":{"start":{"line":18,"column":12},"end":{"line":18,"column":57}},"6":{"start":{"line":21,"column":8},"end":{"line":21,"column":53}},"7":{"start":{"line":22,"column":8},"end":{"line":22,"column":24}},"8":{"start":{"line":26,"column":8},"end":{"line":26,"column":52}},"9":{"start":{"line":6,"column":0},"end":{"line":6,"column":13}}},"fnMap":{"0":{"name":"(anonymous_0)","decl":{"start":{"line":7,"column":4},"end":{"line":7,"column":33}},"loc":{"start":{"line":7,"column":71},"end":{"line":7,"column":75}}},"1":{"name":"(anonymous_1)","decl":{"start":{"line":9,"column":10},"end":{"line":9,"column":24}},"loc":{"start":{"line":9,"column":47},"end":{"line":23,"column":null}}},"2":{"name":"(anonymous_3)","decl":{"start":{"line":25,"column":10},"end":{"line":25,"column":26}},"loc":{"start":{"line":25,"column":37},"end":{"line":27,"column":null}}}},"branchMap":{"0":{"loc":{"start":{"line":17,"column":8},"end":{"line":19,"column":9}},"type":"if","locations":[{"start":{"line":17,"column":8},"end":{"line":19,"column":9}},{"start":{},"end":{}}]}},"s":{"0":4,"1":4,"2":5,"3":3,"4":1,"5":0,"6":1,"7":1,"8":7,"9":4},"f":{"0":5,"1":3,"2":7},"b":{"0":[0,1]}}
,"/home/gianverdum/projects/fullcycle/tdd/src/application/services/user_service.ts": {"path":"/home/gianverdum/projects/fullcycle/tdd/src/application/services/user_service.ts","statementMap":{"0":{"start":{"line":1,"column":0},"end":{"line":1,"column":50}},"1":{"start":{"line":4,"column":0},"end":{"line":4,"column":36}},"2":{"start":{"line":7,"column":33},"end":{"line":7,"column":63}},"3":{"start":{"line":10,"column":21},"end":{"line":10,"column":49}},"4":{"start":{"line":11,"column":8},"end":{"line":13,"column":9}},"5":{"start":{"line":12,"column":12},"end":{"line":12,"column":53}},"6":{"start":{"line":14,"column":8},"end":{"line":14,"column":45}},"7":{"start":{"line":15,"column":8},"end":{"line":15,"column":20}},"8":{"start":{"line":19,"column":8},"end":{"line":19,"column":48}},"9":{"start":{"line":6,"column":0},"end":{"line":6,"column":13}}},"fnMap":{"0":{"name":"(anonymous_0)","decl":{"start":{"line":7,"column":4},"end":{"line":7,"column":33}},"loc":{"start":{"line":7,"column":63},"end":{"line":7,"column":67}}},"1":{"name":"(anonymous_1)","decl":{"start":{"line":9,"column":10},"end":{"line":9,"column":20}},"loc":{"start":{"line":9,"column":39},"end":{"line":16,"column":null}}},"2":{"name":"(anonymous_3)","decl":{"start":{"line":18,"column":10},"end":{"line":18,"column":22}},"loc":{"start":{"line":18,"column":33},"end":{"line":20,"column":null}}}},"branchMap":{"0":{"loc":{"start":{"line":11,"column":8},"end":{"line":13,"column":9}},"type":"if","locations":[{"start":{"line":11,"column":8},"end":{"line":13,"column":9}},{"start":{},"end":{}}]}},"s":{"0":4,"1":4,"2":5,"3":2,"4":1,"5":0,"6":1,"7":1,"8":6,"9":4},"f":{"0":5,"1":2,"2":6},"b":{"0":[0,1]}}
,"/home/gianverdum/projects/fullcycle/tdd/src/domain/cancelation/full_refund.ts": {"path":"/home/gianverdum/projects/fullcycle/tdd/src/domain/cancelation/full_refund.ts","statementMap":{"0":{"start":{"line":5,"column":8},"end":{"line":5,"column":17}},"1":{"start":{"line":3,"column":0},"end":{"line":3,"column":13}}},"fnMap":{"0":{"name":"(anonymous_0)","decl":{"start":{"line":4,"column":4},"end":{"line":4,"column":19}},"loc":{"start":{"line":4,"column":38},"end":{"line":6,"column":5}}}},"branchMap":{},"s":{"0":4,"1":8},"f":{"0":4},"b":{}}
,"/home/gianverdum/projects/fullcycle/tdd/src/domain/cancelation/no_refund.ts": {"path":"/home/gianverdum/projects/fullcycle/tdd/src/domain/cancelation/no_refund.ts","statementMap":{"0":{"start":{"line":5,"column":8},"end":{"line":5,"column":26}},"1":{"start":{"line":3,"column":0},"end":{"line":3,"column":13}}},"fnMap":{"0":{"name":"(anonymous_0)","decl":{"start":{"line":4,"column":4},"end":{"line":4,"column":19}},"loc":{"start":{"line":4,"column":38},"end":{"line":6,"column":5}}}},"branchMap":{},"s":{"0":6,"1":8},"f":{"0":6},"b":{}}
,"/home/gianverdum/projects/fullcycle/tdd/src/domain/cancelation/partial_refund.ts": {"path":"/home/gianverdum/projects/fullcycle/tdd/src/domain/cancelation/partial_refund.ts","statementMap":{"0":{"start":{"line":5,"column":8},"end":{"line":5,"column":32}},"1":{"start":{"line":3,"column":0},"end":{"line":3,"column":13}}},"fnMap":{"0":{"name":"(anonymous_0)","decl":{"start":{"line":4,"column":4},"end":{"line":4,"column":19}},"loc":{"start":{"line":4,"column":38},"end":{"line":6,"column":5}}}},"branchMap":{},"s":{"0":6,"1":8},"f":{"0":6},"b":{}}
,"/home/gianverdum/projects/fullcycle/tdd/src/domain/cancelation/refund_rule_factory.ts": {"path":"/home/gianverdum/projects/fullcycle/tdd/src/domain/cancelation/refund_rule_factory.ts","statementMap":{"0":{"start":{"line":1,"column":0},"end":{"line":1,"column":43}},"1":{"start":{"line":2,"column":0},"end":{"line":2,"column":39}},"2":{"start":{"line":3,"column":0},"end":{"line":3,"column":49}},"3":{"start":{"line":8,"column":8},"end":{"line":12,"column":9}},"4":{"start":{"line":9,"column":12},"end":{"line":9,"column":36}},"5":{"start":{"line":10,"column":15},"end":{"line":12,"column":9}},"6":{"start":{"line":11,"column":12},"end":{"line":11,"column":39}},"7":{"start":{"line":13,"column":8},"end":{"line":13,"column":30}},"8":{"start":{"line":6,"column":0},"end":{"line":6,"column":13}}},"fnMap":{"0":{"name":"(anonymous_0)","decl":{"start":{"line":7,"column":4},"end":{"line":7,"column":10}},"loc":{"start":{"line":7,"column":49},"end":{"line":14,"column":5}}}},"branchMap":{"0":{"loc":{"start":{"line":8,"column":8},"end":{"line":12,"column":9}},"type":"if","locations":[{"start":{"line":8,"column":8},"end":{"line":12,"column":9}},{"start":{"line":10,"column":15},"end":{"line":12,"column":9}}]},"1":{"loc":{"start":{"line":10,"column":15},"end":{"line":12,"column":9}},"type":"if","locations":[{"start":{"line":10,"column":15},"end":{"line":12,"column":9}},{"start":{},"end":{}}]}},"s":{"0":7,"1":7,"2":7,"3":17,"4":2,"5":15,"6":10,"7":5,"8":7},"f":{"0":17},"b":{"0":[2,15],"1":[10,5]}}
,"/home/gianverdum/projects/fullcycle/tdd/src/domain/entities/booking.ts": {"path":"/home/gianverdum/projects/fullcycle/tdd/src/domain/entities/booking.ts","statementMap":{"0":{"start":{"line":1,"column":0},"end":{"line":1,"column":71}},"1":{"start":{"line":12,"column":12},"end":{"line":12,"column":60}},"2":{"start":{"line":22,"column":8},"end":{"line":22,"column":21}},"3":{"start":{"line":23,"column":8},"end":{"line":23,"column":33}},"4":{"start":{"line":24,"column":8},"end":{"line":24,"column":27}},"5":{"start":{"line":25,"column":8},"end":{"line":25,"column":35}},"6":{"start":{"line":26,"column":8},"end":{"line":26,"column":37}},"7":{"start":{"line":27,"column":8},"end":{"line":27,"column":66}},"8":{"start":{"line":28,"column":8},"end":{"line":28,"column":34}},"9":{"start":{"line":29,"column":8},"end":{"line":29,"column":24}},"10":{"start":{"line":31,"column":8},"end":{"line":31,"column":34}},"11":{"start":{"line":35,"column":8},"end":{"line":35,"column":23}},"12":{"start":{"line":39,"column":8},"end":{"line":39,"column":29}},"13":{"start":{"line":43,"column":8},"end":{"line":43,"column":26}},"14":{"start":{"line":47,"column":8},"end":{"line":47,"column":26}},"15":{"start":{"line":51,"column":8},"end":{"line":51,"column":30}},"16":{"start":{"line":55,"column":8},"end":{"line":55,"column":31}},"17":{"start":{"line":59,"column":8},"end":{"line":59,"column":27}},"18":{"start":{"line":63,"column":8},"end":{"line":63,"column":31}},"19":{"start":{"line":67,"column":8},"end":{"line":69,"column":9}},"20":{"start":{"line":68,"column":12},"end":{"line":68,"column":65}},"21":{"start":{"line":71,"column":28},"end":{"line":71,"column":57}},"22":{"start":{"line":72,"column":25},"end":{"line":72,"column":70}},"23":{"start":{"line":73,"column":33},"end":{"line":73,"column":73}},"24":{"start":{"line":75,"column":27},"end":{"line":75,"column":76}},"25":{"start":{"line":76,"column":8},"end":{"line":76,"column":70}},"26":{"start":{"line":78,"column":8},"end":{"line":78,"column":34}},"27":{"start":{"line":82,"column":8},"end":{"line":84,"column":9}},"28":{"start":{"line":83,"column":12},"end":{"line":83,"column":54}},"29":{"start":{"line":85,"column":8},"end":{"line":87,"column":9}},"30":{"start":{"line":86,"column":12},"end":{"line":86,"column":78}},"31":{"start":{"line":88,"column":8},"end":{"line":88,"column":58}},"32":{"start":{"line":89,"column":8},"end":{"line":91,"column":9}},"33":{"start":{"line":90,"column":12},"end":{"line":90,"column":87}},"34":{"start":{"line":6,"column":0},"end":{"line":6,"column":13}}},"fnMap":{"0":{"name":"(anonymous_0)","decl":{"start":{"line":15,"column":4},"end":{"line":15,"column":null}},"loc":{"start":{"line":20,"column":26},"end":{"line":32,"column":5}}},"1":{"name":"(anonymous_1)","decl":{"start":{"line":34,"column":4},"end":{"line":34,"column":9}},"loc":{"start":{"line":34,"column":9},"end":{"line":36,"column":5}}},"2":{"name":"(anonymous_2)","decl":{"start":{"line":38,"column":4},"end":{"line":38,"column":15}},"loc":{"start":{"line":38,"column":15},"end":{"line":40,"column":5}}},"3":{"name":"(anonymous_3)","decl":{"start":{"line":42,"column":4},"end":{"line":42,"column":12}},"loc":{"start":{"line":42,"column":12},"end":{"line":44,"column":5}}},"4":{"name":"(anonymous_4)","decl":{"start":{"line":46,"column":4},"end":{"line":46,"column":11}},"loc":{"start":{"line":46,"column":11},"end":{"line":48,"column":5}}},"5":{"name":"(anonymous_5)","decl":{"start":{"line":50,"column":4},"end":{"line":50,"column":16}},"loc":{"start":{"line":50,"column":16},"end":{"line":52,"column":5}}},"6":{"name":"(anonymous_6)","decl":{"start":{"line":54,"column":4},"end":{"line":54,"column":17}},"loc":{"start":{"line":54,"column":17},"end":{"line":56,"column":5}}},"7":{"name":"(anonymous_7)","decl":{"start":{"line":58,"column":4},"end":{"line":58,"column":13}},"loc":{"start":{"line":58,"column":13},"end":{"line":60,"column":5}}},"8":{"name":"(anonymous_8)","decl":{"start":{"line":62,"column":4},"end":{"line":62,"column":17}},"loc":{"start":{"line":62,"column":17},"end":{"line":64,"column":5}}},"9":{"name":"(anonymous_9)","decl":{"start":{"line":66,"column":4},"end":{"line":66,"column":10}},"loc":{"start":{"line":66,"column":28},"end":{"line":79,"column":5}}},"10":{"name":"(anonymous_10)","decl":{"start":{"line":81,"column":12},"end":{"line":81,"column":20}},"loc":{"start":{"line":81,"column":20},"end":{"line":92,"column":5}}}},"branchMap":{"0":{"loc":{"start":{"line":67,"column":8},"end":{"line":69,"column":9}},"type":"if","locations":[{"start":{"line":67,"column":8},"end":{"line":69,"column":9}},{"start":{},"end":{}}]},"1":{"loc":{"start":{"line":82,"column":8},"end":{"line":84,"column":9}},"type":"if","locations":[{"start":{"line":82,"column":8},"end":{"line":84,"column":9}},{"start":{},"end":{}}]},"2":{"loc":{"start":{"line":85,"column":8},"end":{"line":87,"column":9}},"type":"if","locations":[{"start":{"line":85,"column":8},"end":{"line":87,"column":9}},{"start":{},"end":{}}]},"3":{"loc":{"start":{"line":85,"column":12},"end":{"line":85,"column":52}},"type":"binary-expr","locations":[{"start":{"line":85,"column":12},"end":{"line":85,"column":28}},{"start":{"line":85,"column":32},"end":{"line":85,"column":52}}]},"4":{"loc":{"start":{"line":89,"column":8},"end":{"line":91,"column":9}},"type":"if","locations":[{"start":{"line":89,"column":8},"end":{"line":91,"column":9}},{"start":{},"end":{}}]}},"s":{"0":6,"1":27,"2":27,"3":27,"4":27,"5":27,"6":27,"7":27,"8":27,"9":27,"10":20,"11":21,"12":11,"13":10,"14":1,"15":24,"16":11,"17":19,"18":15,"19":8,"20":1,"21":7,"22":7,"23":7,"24":7,"25":7,"26":7,"27":27,"28":1,"29":26,"30":3,"31":23,"32":22,"33":2,"34":6},"f":{"0":27,"1":21,"2":11,"3":10,"4":1,"5":24,"6":11,"7":19,"8":15,"9":8,"10":27},"b":{"0":[1,7],"1":[1,26],"2":[3,23],"3":[26,23],"4":[2,20]}}
,"/home/gianverdum/projects/fullcycle/tdd/src/domain/entities/property.ts": {"path":"/home/gianverdum/projects/fullcycle/tdd/src/domain/entities/property.ts","statementMap":{"0":{"start":{"line":8,"column":16},"end":{"line":8,"column":26}},"1":{"start":{"line":9,"column":16},"end":{"line":9,"column":28}},"2":{"start":{"line":10,"column":16},"end":{"line":10,"column":35}},"3":{"start":{"line":11,"column":16},"end":{"line":11,"column":33}},"4":{"start":{"line":12,"column":16},"end":{"line":12,"column":41}},"5":{"start":{"line":6,"column":21},"end":{"line":6,"column":null}},"6":{"start":{"line":14,"column":8},"end":{"line":18,"column":null}},"7":{"start":{"line":19,"column":8},"end":{"line":19,"column":24}},"8":{"start":{"line":23,"column":8},"end":{"line":23,"column":23}},"9":{"start":{"line":27,"column":8},"end":{"line":27,"column":25}},"10":{"start":{"line":31,"column":8},"end":{"line":31,"column":32}},"11":{"start":{"line":35,"column":8},"end":{"line":35,"column":30}},"12":{"start":{"line":39,"column":8},"end":{"line":39,"column":38}},"13":{"start":{"line":43,"column":8},"end":{"line":45,"column":9}},"14":{"start":{"line":44,"column":12},"end":{"line":44,"column":null}},"15":{"start":{"line":49,"column":28},"end":{"line":49,"column":54}},"16":{"start":{"line":50,"column":25},"end":{"line":50,"column":61}},"17":{"start":{"line":51,"column":8},"end":{"line":53,"column":9}},"18":{"start":{"line":52,"column":12},"end":{"line":52,"column":30}},"19":{"start":{"line":54,"column":8},"end":{"line":54,"column":32}},"20":{"start":{"line":58,"column":8},"end":{"line":62,"column":10}},"21":{"start":{"line":60,"column":12},"end":{"line":61,"column":54}},"22":{"start":{"line":66,"column":8},"end":{"line":66,"column":36}},"23":{"start":{"line":70,"column":8},"end":{"line":72,"column":9}},"24":{"start":{"line":71,"column":12},"end":{"line":71,"column":61}},"25":{"start":{"line":73,"column":8},"end":{"line":75,"column":9}},"26":{"start":{"line":74,"column":12},"end":{"line":74,"column":63}},"27":{"start":{"line":76,"column":8},"end":{"line":78,"column":9}},"28":{"start":{"line":77,"column":12},"end":{"line":77,"column":70}},"29":{"start":{"line":79,"column":8},"end":{"line":81,"column":9}},"30":{"start":{"line":80,"column":12},"end":{"line":80,"column":86}},"31":{"start":{"line":4,"column":0},"end":{"line":4,"column":13}}},"fnMap":{"0":{"name":"(anonymous_0)","decl":{"start":{"line":7,"column":4},"end":{"line":7,"column":null}},"loc":{"start":{"line":12,"column":41},"end":{"line":20,"column":5}}},"1":{"name":"(anonymous_1)","decl":{"start":{"line":22,"column":4},"end":{"line":22,"column":9}},"loc":{"start":{"line":22,"column":9},"end":{"line":24,"column":5}}},"2":{"name":"(anonymous_2)","decl":{"start":{"line":26,"column":4},"end":{"line":26,"column":11}},"loc":{"start":{"line":26,"column":11},"end":{"line":28,"column":5}}},"3":{"name":"(anonymous_3)","decl":{"start":{"line":30,"column":4},"end":{"line":30,"column":18}},"loc":{"start":{"line":30,"column":18},"end":{"line":32,"column":5}}},"4":{"name":"(anonymous_4)","decl":{"start":{"line":34,"column":4},"end":{"line":34,"column":16}},"loc":{"start":{"line":34,"column":16},"end":{"line":36,"column":5}}},"5":{"name":"(anonymous_5)","decl":{"start":{"line":38,"column":4},"end":{"line":38,"column":24}},"loc":{"start":{"line":38,"column":24},"end":{"line":40,"column":5}}},"6":{"name":"(anonymous_6)","decl":{"start":{"line":42,"column":4},"end":{"line":42,"column":22}},"loc":{"start":{"line":42,"column":41},"end":{"line":46,"column":5}}},"7":{"name":"(anonymous_7)","decl":{"start":{"line":48,"column":4},"end":{"line":48,"column":23}},"loc":{"start":{"line":48,"column":44},"end":{"line":55,"column":5}}},"8":{"name":"(anonymous_8)","decl":{"start":{"line":57,"column":4},"end":{"line":57,"column":15}},"loc":{"start":{"line":57,"column":36},"end":{"line":63,"column":5}}},"9":{"name":"(anonymous_9)","decl":{"start":{"line":59,"column":12},"end":{"line":59,"column":13}},"loc":{"start":{"line":60,"column":12},"end":{"line":61,"column":54}}},"10":{"name":"(anonymous_10)","decl":{"start":{"line":65,"column":4},"end":{"line":65,"column":14}},"loc":{"start":{"line":65,"column":31},"end":{"line":67,"column":5}}},"11":{"name":"(anonymous_11)","decl":{"start":{"line":69,"column":12},"end":{"line":69,"column":20}},"loc":{"start":{"line":69,"column":20},"end":{"line":82,"column":5}}}},"branchMap":{"0":{"loc":{"start":{"line":43,"column":8},"end":{"line":45,"column":9}},"type":"if","locations":[{"start":{"line":43,"column":8},"end":{"line":45,"column":9}},{"start":{},"end":{}}]},"1":{"loc":{"start":{"line":51,"column":8},"end":{"line":53,"column":9}},"type":"if","locations":[{"start":{"line":51,"column":8},"end":{"line":53,"column":9}},{"start":{},"end":{}}]},"2":{"loc":{"start":{"line":60,"column":12},"end":{"line":61,"column":54}},"type":"binary-expr","locations":[{"start":{"line":60,"column":12},"end":{"line":60,"column":47}},{"start":{"line":61,"column":12},"end":{"line":61,"column":54}}]},"3":{"loc":{"start":{"line":70,"column":8},"end":{"line":72,"column":9}},"type":"if","locations":[{"start":{"line":70,"column":8},"end":{"line":72,"column":9}},{"start":{},"end":{}}]},"4":{"loc":{"start":{"line":73,"column":8},"end":{"line":75,"column":9}},"type":"if","locations":[{"start":{"line":73,"column":8},"end":{"line":75,"column":9}},{"start":{},"end":{}}]},"5":{"loc":{"start":{"line":76,"column":8},"end":{"line":78,"column":9}},"type":"if","locations":[{"start":{"line":76,"column":8},"end":{"line":78,"column":9}},{"start":{},"end":{}}]},"6":{"loc":{"start":{"line":79,"column":8},"end":{"line":81,"column":9}},"type":"if","locations":[{"start":{"line":79,"column":8},"end":{"line":81,"column":9}},{"start":{},"end":{}}]}},"s":{"0":47,"1":47,"2":47,"3":47,"4":47,"5":47,"6":47,"7":47,"8":26,"9":18,"10":14,"11":16,"12":14,"13":20,"14":2,"15":25,"16":25,"17":25,"18":17,"19":8,"20":20,"21":3,"22":17,"23":47,"24":1,"25":46,"26":3,"27":43,"28":2,"29":41,"30":2,"31":10},"f":{"0":47,"1":26,"2":18,"3":14,"4":16,"5":14,"6":20,"7":25,"8":20,"9":3,"10":17,"11":47},"b":{"0":[2,18],"1":[17,8],"2":[3,3],"3":[1,46],"4":[3,43],"5":[2,41],"6":[2,39]}}
,"/home/gianverdum/projects/fullcycle/tdd/src/domain/entities/user.ts": {"path":"/home/gianverdum/projects/fullcycle/tdd/src/domain/entities/user.ts","statementMap":{"0":{"start":{"line":7,"column":8},"end":{"line":9,"column":9}},"1":{"start":{"line":8,"column":12},"end":{"line":8,"column":53}},"2":{"start":{"line":10,"column":8},"end":{"line":12,"column":9}},"3":{"start":{"line":11,"column":12},"end":{"line":11,"column":51}},"4":{"start":{"line":13,"column":8},"end":{"line":13,"column":21}},"5":{"start":{"line":14,"column":8},"end":{"line":14,"column":25}},"6":{"start":{"line":18,"column":8},"end":{"line":18,"column":23}},"7":{"start":{"line":22,"column":8},"end":{"line":22,"column":25}},"8":{"start":{"line":1,"column":0},"end":{"line":1,"column":13}}},"fnMap":{"0":{"name":"(anonymous_0)","decl":{"start":{"line":6,"column":4},"end":{"line":6,"column":16}},"loc":{"start":{"line":6,"column":40},"end":{"line":15,"column":5}}},"1":{"name":"(anonymous_1)","decl":{"start":{"line":17,"column":4},"end":{"line":17,"column":9}},"loc":{"start":{"line":17,"column":9},"end":{"line":19,"column":5}}},"2":{"name":"(anonymous_2)","decl":{"start":{"line":21,"column":4},"end":{"line":21,"column":11}},"loc":{"start":{"line":21,"column":11},"end":{"line":23,"column":5}}}},"branchMap":{"0":{"loc":{"start":{"line":7,"column":8},"end":{"line":9,"column":9}},"type":"if","locations":[{"start":{"line":7,"column":8},"end":{"line":9,"column":9}},{"start":{},"end":{}}]},"1":{"loc":{"start":{"line":10,"column":8},"end":{"line":12,"column":9}},"type":"if","locations":[{"start":{"line":10,"column":8},"end":{"line":12,"column":9}},{"start":{},"end":{}}]}},"s":{"0":37,"1":2,"2":35,"3":1,"4":34,"5":34,"6":24,"7":16,"8":10},"f":{"0":37,"1":24,"2":16},"b":{"0":[2,35],"1":[1,34]}}
,"/home/gianverdum/projects/fullcycle/tdd/src/domain/value_objects/date_range.ts": {"path":"/home/gianverdum/projects/fullcycle/tdd/src/domain/value_objects/date_range.ts","statementMap":{"0":{"start":{"line":6,"column":8},"end":{"line":6,"column":47}},"1":{"start":{"line":7,"column":8},"end":{"line":7,"column":35}},"2":{"start":{"line":8,"column":8},"end":{"line":8,"column":31}},"3":{"start":{"line":12,"column":8},"end":{"line":12,"column":30}},"4":{"start":{"line":16,"column":8},"end":{"line":16,"column":28}},"5":{"start":{"line":20,"column":25},"end":{"line":20,"column":74}},"6":{"start":{"line":21,"column":8},"end":{"line":21,"column":56}},"7":{"start":{"line":25,"column":8},"end":{"line":27,"column":null}},"8":{"start":{"line":31,"column":8},"end":{"line":33,"column":9}},"9":{"start":{"line":32,"column":12},"end":{"line":32,"column":71}},"10":{"start":{"line":34,"column":8},"end":{"line":36,"column":9}},"11":{"start":{"line":35,"column":12},"end":{"line":35,"column":80}},"12":{"start":{"line":1,"column":0},"end":{"line":1,"column":13}}},"fnMap":{"0":{"name":"(anonymous_0)","decl":{"start":{"line":5,"column":4},"end":{"line":5,"column":16}},"loc":{"start":{"line":5,"column":46},"end":{"line":9,"column":5}}},"1":{"name":"(anonymous_1)","decl":{"start":{"line":11,"column":4},"end":{"line":11,"column":16}},"loc":{"start":{"line":11,"column":16},"end":{"line":13,"column":5}}},"2":{"name":"(anonymous_2)","decl":{"start":{"line":15,"column":4},"end":{"line":15,"column":14}},"loc":{"start":{"line":15,"column":14},"end":{"line":17,"column":5}}},"3":{"name":"(anonymous_3)","decl":{"start":{"line":19,"column":4},"end":{"line":19,"column":18}},"loc":{"start":{"line":19,"column":18},"end":{"line":22,"column":5}}},"4":{"name":"(anonymous_4)","decl":{"start":{"line":24,"column":4},"end":{"line":24,"column":12}},"loc":{"start":{"line":24,"column":29},"end":{"line":28,"column":5}}},"5":{"name":"(anonymous_5)","decl":{"start":{"line":30,"column":12},"end":{"line":30,"column":25}},"loc":{"start":{"line":30,"column":56},"end":{"line":37,"column":5}}}},"branchMap":{"0":{"loc":{"start":{"line":26,"column":12},"end":{"line":26,"column":87}},"type":"binary-expr","locations":[{"start":{"line":26,"column":12},"end":{"line":26,"column":48}},{"start":{"line":26,"column":52},"end":{"line":26,"column":87}}]},"1":{"loc":{"start":{"line":31,"column":8},"end":{"line":33,"column":9}},"type":"if","locations":[{"start":{"line":31,"column":8},"end":{"line":33,"column":9}},{"start":{},"end":{}}]},"2":{"loc":{"start":{"line":34,"column":8},"end":{"line":36,"column":9}},"type":"if","locations":[{"start":{"line":34,"column":8},"end":{"line":36,"column":9}},{"start":{},"end":{}}]}},"s":{"0":33,"1":31,"2":31,"3":21,"4":15,"5":27,"6":27,"7":4,"8":33,"9":1,"10":32,"11":1,"12":6},"f":{"0":33,"1":21,"2":15,"3":27,"4":4,"5":33},"b":{"0":[4,4],"1":[1,32],"2":[1,31]}}
,"/home/gianverdum/projects/fullcycle/tdd/src/infrastructure/persistence/entities/booking_entity.ts": {"path":"/home/gianverdum/projects/fullcycle/tdd/src/infrastructure/persistence/entities/booking_entity.ts","statementMap":{"0":{"start":{"line":1,"column":0},"end":{"line":1,"column":79}},"1":{"start":{"line":2,"column":0},"end":{"line":2,"column":51}},"2":{"start":{"line":3,"column":0},"end":{"line":3,"column":43}},"3":{"start":{"line":6,"column":7},"end":{"line":34,"column":null}},"4":{"start":{"line":6,"column":13},"end":{"line":6,"column":26}},"5":{"start":{"line":8,"column":4},"end":{"line":8,"column":null}},"6":{"start":{"line":14,"column":4},"end":{"line":14,"column":null}},"7":{"start":{"line":10,"column":21},"end":{"line":10,"column":35}},"8":{"start":{"line":10,"column":51},"end":{"line":10,"column":68}},"9":{"start":{"line":18,"column":4},"end":{"line":18,"column":null}},"10":{"start":{"line":16,"column":21},"end":{"line":16,"column":31}},"11":{"start":{"line":21,"column":4},"end":{"line":21,"column":null}},"12":{"start":{"line":24,"column":4},"end":{"line":24,"column":null}},"13":{"start":{"line":27,"column":4},"end":{"line":27,"column":null}},"14":{"start":{"line":30,"column":4},"end":{"line":30,"column":null}},"15":{"start":{"line":33,"column":4},"end":{"line":33,"column":null}},"16":{"start":{"line":6,"column":13},"end":{"line":34,"column":null}}},"fnMap":{"0":{"name":"(anonymous_0)","decl":{"start":{"line":10,"column":15},"end":{"line":10,"column":18}},"loc":{"start":{"line":10,"column":21},"end":{"line":10,"column":35}}},"1":{"name":"(anonymous_1)","decl":{"start":{"line":10,"column":37},"end":{"line":10,"column":38}},"loc":{"start":{"line":10,"column":51},"end":{"line":10,"column":68}}},"2":{"name":"(anonymous_2)","decl":{"start":{"line":16,"column":15},"end":{"line":16,"column":18}},"loc":{"start":{"line":16,"column":21},"end":{"line":16,"column":31}}}},"branchMap":{},"s":{"0":6,"1":6,"2":6,"3":6,"4":6,"5":6,"6":6,"7":4,"8":4,"9":6,"10":4,"11":6,"12":6,"13":6,"14":6,"15":6,"16":6},"f":{"0":4,"1":4,"2":4},"b":{}}
,"/home/gianverdum/projects/fullcycle/tdd/src/infrastructure/persistence/entities/property_entity.ts": {"path":"/home/gianverdum/projects/fullcycle/tdd/src/infrastructure/persistence/entities/property_entity.ts","statementMap":{"0":{"start":{"line":1,"column":0},"end":{"line":1,"column":67}},"1":{"start":{"line":2,"column":0},"end":{"line":2,"column":49}},"2":{"start":{"line":5,"column":7},"end":{"line":23,"column":null}},"3":{"start":{"line":5,"column":13},"end":{"line":5,"column":27}},"4":{"start":{"line":7,"column":4},"end":{"line":7,"column":null}},"5":{"start":{"line":10,"column":4},"end":{"line":10,"column":null}},"6":{"start":{"line":13,"column":4},"end":{"line":13,"column":null}},"7":{"start":{"line":16,"column":4},"end":{"line":16,"column":null}},"8":{"start":{"line":19,"column":4},"end":{"line":19,"column":null}},"9":{"start":{"line":22,"column":4},"end":{"line":22,"column":null}},"10":{"start":{"line":21,"column":21},"end":{"line":21,"column":34}},"11":{"start":{"line":21,"column":49},"end":{"line":21,"column":65}},"12":{"start":{"line":5,"column":13},"end":{"line":23,"column":null}}},"fnMap":{"0":{"name":"(anonymous_0)","decl":{"start":{"line":21,"column":15},"end":{"line":21,"column":18}},"loc":{"start":{"line":21,"column":21},"end":{"line":21,"column":34}}},"1":{"name":"(anonymous_1)","decl":{"start":{"line":21,"column":36},"end":{"line":21,"column":37}},"loc":{"start":{"line":21,"column":49},"end":{"line":21,"column":65}}}},"branchMap":{},"s":{"0":6,"1":6,"2":6,"3":6,"4":6,"5":6,"6":6,"7":6,"8":6,"9":6,"10":4,"11":4,"12":6},"f":{"0":4,"1":4},"b":{}}
,"/home/gianverdum/projects/fullcycle/tdd/src/infrastructure/persistence/entities/user_entity.ts": {"path":"/home/gianverdum/projects/fullcycle/tdd/src/infrastructure/persistence/entities/user_entity.ts","statementMap":{"0":{"start":{"line":1,"column":0},"end":{"line":1,"column":56}},"1":{"start":{"line":4,"column":7},"end":{"line":10,"column":null}},"2":{"start":{"line":4,"column":13},"end":{"line":4,"column":23}},"3":{"start":{"line":6,"column":4},"end":{"line":6,"column":null}},"4":{"start":{"line":9,"column":4},"end":{"line":9,"column":null}},"5":{"start":{"line":4,"column":13},"end":{"line":10,"column":null}}},"fnMap":{},"branchMap":{},"s":{"0":8,"1":8,"2":8,"3":8,"4":8,"5":8},"f":{},"b":{}}
,"/home/gianverdum/projects/fullcycle/tdd/src/infrastructure/persistence/mappers/booking_mapper.ts": {"path":"/home/gianverdum/projects/fullcycle/tdd/src/infrastructure/persistence/mappers/booking_mapper.ts","statementMap":{"0":{"start":{"line":1,"column":0},"end":{"line":1,"column":59}},"1":{"start":{"line":3,"column":0},"end":{"line":3,"column":59}},"2":{"start":{"line":4,"column":0},"end":{"line":4,"column":44}},"3":{"start":{"line":5,"column":0},"end":{"line":5,"column":51}},"4":{"start":{"line":6,"column":0},"end":{"line":6,"column":69}},"5":{"start":{"line":10,"column":22},"end":{"line":10,"column":55}},"6":{"start":{"line":11,"column":26},"end":{"line":11,"column":73}},"7":{"start":{"line":13,"column":24},"end":{"line":18,"column":null}},"8":{"start":{"line":21,"column":8},"end":{"line":21,"column":58}},"9":{"start":{"line":22,"column":8},"end":{"line":22,"column":42}},"10":{"start":{"line":24,"column":8},"end":{"line":24,"column":23}},"11":{"start":{"line":28,"column":23},"end":{"line":28,"column":42}},"12":{"start":{"line":29,"column":8},"end":{"line":29,"column":35}},"13":{"start":{"line":30,"column":8},"end":{"line":30,"column":77}},"14":{"start":{"line":31,"column":8},"end":{"line":31,"column":67}},"15":{"start":{"line":32,"column":8},"end":{"line":32,"column":64}},"16":{"start":{"line":33,"column":8},"end":{"line":33,"column":60}},"17":{"start":{"line":34,"column":8},"end":{"line":34,"column":51}},"18":{"start":{"line":35,"column":8},"end":{"line":35,"column":51}},"19":{"start":{"line":36,"column":8},"end":{"line":36,"column":43}},"20":{"start":{"line":38,"column":8},"end":{"line":38,"column":22}},"21":{"start":{"line":8,"column":0},"end":{"line":8,"column":13}}},"fnMap":{"0":{"name":"(anonymous_0)","decl":{"start":{"line":9,"column":4},"end":{"line":9,"column":10}},"loc":{"start":{"line":9,"column":62},"end":{"line":25,"column":5}}},"1":{"name":"(anonymous_1)","decl":{"start":{"line":27,"column":4},"end":{"line":27,"column":10}},"loc":{"start":{"line":27,"column":40},"end":{"line":39,"column":5}}}},"branchMap":{"0":{"loc":{"start":{"line":15,"column":12},"end":{"line":15,"column":64}},"type":"binary-expr","locations":[{"start":{"line":15,"column":12},"end":{"line":15,"column":20}},{"start":{"line":15,"column":24},"end":{"line":15,"column":64}}]}},"s":{"0":3,"1":3,"2":3,"3":3,"4":3,"5":6,"6":6,"7":6,"8":4,"9":4,"10":4,"11":7,"12":7,"13":7,"14":7,"15":7,"16":7,"17":7,"18":7,"19":7,"20":7,"21":3},"f":{"0":6,"1":7},"b":{"0":[6,6]}}
,"/home/gianverdum/projects/fullcycle/tdd/src/infrastructure/persistence/mappers/property_mapper.ts": {"path":"/home/gianverdum/projects/fullcycle/tdd/src/infrastructure/persistence/mappers/property_mapper.ts","statementMap":{"0":{"start":{"line":1,"column":0},"end":{"line":1,"column":61}},"1":{"start":{"line":2,"column":0},"end":{"line":2,"column":61}},"2":{"start":{"line":6,"column":8},"end":{"line":12,"column":10}},"3":{"start":{"line":16,"column":23},"end":{"line":16,"column":43}},"4":{"start":{"line":17,"column":8},"end":{"line":17,"column":35}},"5":{"start":{"line":18,"column":8},"end":{"line":18,"column":39}},"6":{"start":{"line":19,"column":8},"end":{"line":19,"column":53}},"7":{"start":{"line":20,"column":8},"end":{"line":20,"column":49}},"8":{"start":{"line":21,"column":8},"end":{"line":21,"column":65}},"9":{"start":{"line":22,"column":8},"end":{"line":22,"column":22}},"10":{"start":{"line":4,"column":0},"end":{"line":4,"column":13}}},"fnMap":{"0":{"name":"(anonymous_0)","decl":{"start":{"line":5,"column":4},"end":{"line":5,"column":10}},"loc":{"start":{"line":5,"column":42},"end":{"line":13,"column":5}}},"1":{"name":"(anonymous_1)","decl":{"start":{"line":15,"column":4},"end":{"line":15,"column":10}},"loc":{"start":{"line":15,"column":41},"end":{"line":23,"column":5}}}},"branchMap":{},"s":{"0":6,"1":6,"2":13,"3":11,"4":11,"5":11,"6":11,"7":11,"8":11,"9":11,"10":6},"f":{"0":13,"1":11},"b":{}}
,"/home/gianverdum/projects/fullcycle/tdd/src/infrastructure/persistence/mappers/user_mappers.ts": {"path":"/home/gianverdum/projects/fullcycle/tdd/src/infrastructure/persistence/mappers/user_mappers.ts","statementMap":{"0":{"start":{"line":1,"column":0},"end":{"line":1,"column":53}},"1":{"start":{"line":2,"column":0},"end":{"line":2,"column":53}},"2":{"start":{"line":6,"column":8},"end":{"line":6,"column":48}},"3":{"start":{"line":10,"column":23},"end":{"line":10,"column":39}},"4":{"start":{"line":11,"column":8},"end":{"line":11,"column":35}},"5":{"start":{"line":12,"column":8},"end":{"line":12,"column":39}},"6":{"start":{"line":13,"column":8},"end":{"line":13,"column":22}},"7":{"start":{"line":4,"column":0},"end":{"line":4,"column":13}}},"fnMap":{"0":{"name":"(anonymous_0)","decl":{"start":{"line":5,"column":4},"end":{"line":5,"column":10}},"loc":{"start":{"line":5,"column":38},"end":{"line":7,"column":5}}},"1":{"name":"(anonymous_1)","decl":{"start":{"line":9,"column":4},"end":{"line":9,"column":10}},"loc":{"start":{"line":9,"column":37},"end":{"line":14,"column":5}}}},"branchMap":{},"s":{"0":5,"1":5,"2":10,"3":10,"4":10,"5":10,"6":10,"7":5},"f":{"0":10,"1":10},"b":{}}
,"/home/gianverdum/projects/fullcycle/tdd/src/infrastructure/repositories/fake_booking_repository.ts": {"path":"/home/gianverdum/projects/fullcycle/tdd/src/infrastructure/repositories/fake_booking_repository.ts","statementMap":{"0":{"start":{"line":5,"column":12},"end":{"line":5,"column":37}},"1":{"start":{"line":8,"column":8},"end":{"line":8,"column":36}},"2":{"start":{"line":11,"column":8},"end":{"line":11,"column":79}},"3":{"start":{"line":11,"column":47},"end":{"line":11,"column":69}},"4":{"start":{"line":4,"column":0},"end":{"line":4,"column":13}}},"fnMap":{"0":{"name":"(anonymous_0)","decl":{"start":{"line":4,"column":0},"end":{"line":4,"column":13}},"loc":{"start":{"line":4,"column":0},"end":{"line":13,"column":1}}},"1":{"name":"(anonymous_1)","decl":{"start":{"line":7,"column":10},"end":{"line":7,"column":14}},"loc":{"start":{"line":7,"column":31},"end":{"line":9,"column":null}}},"2":{"name":"(anonymous_3)","decl":{"start":{"line":10,"column":10},"end":{"line":10,"column":18}},"loc":{"start":{"line":10,"column":29},"end":{"line":12,"column":null}}},"3":{"name":"(anonymous_5)","decl":{"start":{"line":11,"column":34},"end":{"line":11,"column":35}},"loc":{"start":{"line":11,"column":47},"end":{"line":11,"column":69}}}},"branchMap":{"0":{"loc":{"start":{"line":11,"column":15},"end":{"line":11,"column":78}},"type":"binary-expr","locations":[{"start":{"line":11,"column":15},"end":{"line":11,"column":70}},{"start":{"line":11,"column":74},"end":{"line":11,"column":78}}]}},"s":{"0":6,"1":4,"2":4,"3":3,"4":1},"f":{"0":6,"1":4,"2":4,"3":3},"b":{"0":[4,1]}}
,"/home/gianverdum/projects/fullcycle/tdd/src/infrastructure/repositories/fake_property_repository.ts": {"path":"/home/gianverdum/projects/fullcycle/tdd/src/infrastructure/repositories/fake_property_repository.ts","statementMap":{"0":{"start":{"line":1,"column":0},"end":{"line":1,"column":58}},"1":{"start":{"line":5,"column":12},"end":{"line":8,"column":6}},"2":{"start":{"line":10,"column":8},"end":{"line":10,"column":39}},"3":{"start":{"line":13,"column":8},"end":{"line":13,"column":83}},"4":{"start":{"line":13,"column":50},"end":{"line":13,"column":73}},"5":{"start":{"line":4,"column":0},"end":{"line":4,"column":13}}},"fnMap":{"0":{"name":"(anonymous_0)","decl":{"start":{"line":4,"column":0},"end":{"line":4,"column":13}},"loc":{"start":{"line":4,"column":0},"end":{"line":15,"column":1}}},"1":{"name":"(anonymous_1)","decl":{"start":{"line":9,"column":10},"end":{"line":9,"column":14}},"loc":{"start":{"line":9,"column":33},"end":{"line":11,"column":null}}},"2":{"name":"(anonymous_3)","decl":{"start":{"line":12,"column":10},"end":{"line":12,"column":18}},"loc":{"start":{"line":12,"column":29},"end":{"line":14,"column":null}}},"3":{"name":"(anonymous_5)","decl":{"start":{"line":13,"column":36},"end":{"line":13,"column":37}},"loc":{"start":{"line":13,"column":50},"end":{"line":13,"column":73}}}},"branchMap":{"0":{"loc":{"start":{"line":13,"column":15},"end":{"line":13,"column":82}},"type":"binary-expr","locations":[{"start":{"line":13,"column":15},"end":{"line":13,"column":74}},{"start":{"line":13,"column":78},"end":{"line":13,"column":82}}]}},"s":{"0":1,"1":3,"2":1,"3":3,"4":6,"5":1},"f":{"0":3,"1":1,"2":3,"3":6},"b":{"0":[3,1]}}
,"/home/gianverdum/projects/fullcycle/tdd/src/infrastructure/repositories/fake_user_repository.ts": {"path":"/home/gianverdum/projects/fullcycle/tdd/src/infrastructure/repositories/fake_user_repository.ts","statementMap":{"0":{"start":{"line":1,"column":0},"end":{"line":1,"column":50}},"1":{"start":{"line":5,"column":12},"end":{"line":8,"column":6}},"2":{"start":{"line":11,"column":8},"end":{"line":11,"column":70}},"3":{"start":{"line":11,"column":41},"end":{"line":11,"column":60}},"4":{"start":{"line":15,"column":8},"end":{"line":15,"column":30}},"5":{"start":{"line":4,"column":0},"end":{"line":4,"column":13}}},"fnMap":{"0":{"name":"(anonymous_0)","decl":{"start":{"line":4,"column":0},"end":{"line":4,"column":13}},"loc":{"start":{"line":4,"column":0},"end":{"line":17,"column":1}}},"1":{"name":"(anonymous_1)","decl":{"start":{"line":10,"column":10},"end":{"line":10,"column":18}},"loc":{"start":{"line":10,"column":29},"end":{"line":12,"column":null}}},"2":{"name":"(anonymous_3)","decl":{"start":{"line":11,"column":31},"end":{"line":11,"column":32}},"loc":{"start":{"line":11,"column":41},"end":{"line":11,"column":60}}},"3":{"name":"(anonymous_4)","decl":{"start":{"line":14,"column":10},"end":{"line":14,"column":14}},"loc":{"start":{"line":14,"column":25},"end":{"line":16,"column":null}}}},"branchMap":{"0":{"loc":{"start":{"line":11,"column":15},"end":{"line":11,"column":69}},"type":"binary-expr","locations":[{"start":{"line":11,"column":15},"end":{"line":11,"column":61}},{"start":{"line":11,"column":65},"end":{"line":11,"column":69}}]}},"s":{"0":1,"1":3,"2":3,"3":6,"4":1,"5":1},"f":{"0":3,"1":3,"2":6,"3":1},"b":{"0":[3,1]}}
,"/home/gianverdum/projects/fullcycle/tdd/src/infrastructure/repositories/typeorm_booking_repository.ts": {"path":"/home/gianverdum/projects/fullcycle/tdd/src/infrastructure/repositories/typeorm_booking_repository.ts","statementMap":{"0":{"start":{"line":5,"column":0},"end":{"line":5,"column":70}},"1":{"start":{"line":11,"column":8},"end":{"line":11,"column":37}},"2":{"start":{"line":15,"column":30},"end":{"line":15,"column":66}},"3":{"start":{"line":16,"column":8},"end":{"line":16,"column":50}},"4":{"start":{"line":19,"column":30},"end":{"line":22,"column":10}},"5":{"start":{"line":23,"column":8},"end":{"line":23,"column":76}},"6":{"start":{"line":7,"column":0},"end":{"line":7,"column":13}}},"fnMap":{"0":{"name":"(anonymous_0)","decl":{"start":{"line":10,"column":4},"end":{"line":10,"column":16}},"loc":{"start":{"line":10,"column":53},"end":{"line":12,"column":5}}},"1":{"name":"(anonymous_1)","decl":{"start":{"line":14,"column":10},"end":{"line":14,"column":14}},"loc":{"start":{"line":14,"column":31},"end":{"line":17,"column":null}}},"2":{"name":"(anonymous_3)","decl":{"start":{"line":18,"column":10},"end":{"line":18,"column":18}},"loc":{"start":{"line":18,"column":29},"end":{"line":24,"column":null}}}},"branchMap":{"0":{"loc":{"start":{"line":23,"column":15},"end":{"line":23,"column":75}},"type":"cond-expr","locations":[{"start":{"line":23,"column":31},"end":{"line":23,"column":68}},{"start":{"line":23,"column":71},"end":{"line":23,"column":75}}]}},"s":{"0":2,"1":2,"2":6,"3":6,"4":5,"5":5,"6":2},"f":{"0":2,"1":6,"2":5},"b":{"0":[3,2]}}
,"/home/gianverdum/projects/fullcycle/tdd/src/infrastructure/repositories/typeorm_property_repository.ts": {"path":"/home/gianverdum/projects/fullcycle/tdd/src/infrastructure/repositories/typeorm_property_repository.ts","statementMap":{"0":{"start":{"line":3,"column":0},"end":{"line":3,"column":72}},"1":{"start":{"line":11,"column":8},"end":{"line":11,"column":37}},"2":{"start":{"line":15,"column":31},"end":{"line":15,"column":69}},"3":{"start":{"line":16,"column":8},"end":{"line":16,"column":51}},"4":{"start":{"line":20,"column":31},"end":{"line":20,"column":79}},"5":{"start":{"line":21,"column":8},"end":{"line":21,"column":79}},"6":{"start":{"line":7,"column":0},"end":{"line":7,"column":13}}},"fnMap":{"0":{"name":"(anonymous_0)","decl":{"start":{"line":10,"column":4},"end":{"line":10,"column":16}},"loc":{"start":{"line":10,"column":54},"end":{"line":12,"column":5}}},"1":{"name":"(anonymous_1)","decl":{"start":{"line":14,"column":10},"end":{"line":14,"column":14}},"loc":{"start":{"line":14,"column":33},"end":{"line":17,"column":null}}},"2":{"name":"(anonymous_3)","decl":{"start":{"line":19,"column":10},"end":{"line":19,"column":18}},"loc":{"start":{"line":19,"column":29},"end":{"line":22,"column":null}}}},"branchMap":{"0":{"loc":{"start":{"line":21,"column":15},"end":{"line":21,"column":78}},"type":"cond-expr","locations":[{"start":{"line":21,"column":32},"end":{"line":21,"column":71}},{"start":{"line":21,"column":74},"end":{"line":21,"column":78}}]}},"s":{"0":3,"1":3,"2":3,"3":3,"4":6,"5":6,"6":3},"f":{"0":3,"1":3,"2":6},"b":{"0":[4,2]}}
,"/home/gianverdum/projects/fullcycle/tdd/src/infrastructure/repositories/typeorm_user_repository.ts": {"path":"/home/gianverdum/projects/fullcycle/tdd/src/infrastructure/repositories/typeorm_user_repository.ts","statementMap":{"0":{"start":{"line":5,"column":0},"end":{"line":5,"column":65}},"1":{"start":{"line":11,"column":8},"end":{"line":11,"column":37}},"2":{"start":{"line":15,"column":27},"end":{"line":15,"column":57}},"3":{"start":{"line":16,"column":8},"end":{"line":16,"column":47}},"4":{"start":{"line":20,"column":27},"end":{"line":20,"column":75}},"5":{"start":{"line":21,"column":8},"end":{"line":21,"column":67}},"6":{"start":{"line":7,"column":0},"end":{"line":7,"column":13}}},"fnMap":{"0":{"name":"(anonymous_0)","decl":{"start":{"line":10,"column":4},"end":{"line":10,"column":16}},"loc":{"start":{"line":10,"column":50},"end":{"line":12,"column":5}}},"1":{"name":"(anonymous_1)","decl":{"start":{"line":14,"column":10},"end":{"line":14,"column":14}},"loc":{"start":{"line":14,"column":25},"end":{"line":17,"column":null}}},"2":{"name":"(anonymous_3)","decl":{"start":{"line":19,"column":10},"end":{"line":19,"column":18}},"loc":{"start":{"line":19,"column":29},"end":{"line":22,"column":null}}}},"branchMap":{"0":{"loc":{"start":{"line":21,"column":15},"end":{"line":21,"column":66}},"type":"cond-expr","locations":[{"start":{"line":21,"column":28},"end":{"line":21,"column":59}},{"start":{"line":21,"column":62},"end":{"line":21,"column":66}}]}},"s":{"0":3,"1":3,"2":3,"3":3,"4":5,"5":5,"6":3},"f":{"0":3,"1":3,"2":5},"b":{"0":[4,1]}}
,"/home/gianverdum/projects/fullcycle/tdd/src/infrastructure/web/booking_controller.ts": {"path":"/home/gianverdum/projects/fullcycle/tdd/src/infrastructure/web/booking_controller.ts","statementMap":{"0":{"start":{"line":9,"column":8},"end":{"line":9,"column":45}},"1":{"start":{"line":13,"column":8},"end":{"line":46,"column":9}},"2":{"start":{"line":14,"column":30},"end":{"line":14,"column":58}},"3":{"start":{"line":15,"column":28},"end":{"line":15,"column":54}},"4":{"start":{"line":17,"column":12},"end":{"line":19,"column":13}},"5":{"start":{"line":18,"column":16},"end":{"line":18,"column":87}},"6":{"start":{"line":21,"column":42},"end":{"line":27,"column":null}},"7":{"start":{"line":29,"column":28},"end":{"line":29,"column":72}},"8":{"start":{"line":31,"column":12},"end":{"line":43,"column":15}},"9":{"start":{"line":45,"column":12},"end":{"line":45,"column":100}},"10":{"start":{"line":50,"column":8},"end":{"line":57,"column":9}},"11":{"start":{"line":51,"column":30},"end":{"line":51,"column":43}},"12":{"start":{"line":52,"column":12},"end":{"line":52,"column":63}},"13":{"start":{"line":54,"column":12},"end":{"line":54,"column":86}},"14":{"start":{"line":56,"column":12},"end":{"line":56,"column":100}},"15":{"start":{"line":5,"column":0},"end":{"line":5,"column":13}}},"fnMap":{"0":{"name":"(anonymous_0)","decl":{"start":{"line":8,"column":4},"end":{"line":8,"column":16}},"loc":{"start":{"line":8,"column":46},"end":{"line":10,"column":5}}},"1":{"name":"(anonymous_1)","decl":{"start":{"line":12,"column":10},"end":{"line":12,"column":23}},"loc":{"start":{"line":12,"column":51},"end":{"line":47,"column":null}}},"2":{"name":"(anonymous_3)","decl":{"start":{"line":49,"column":10},"end":{"line":49,"column":23}},"loc":{"start":{"line":49,"column":51},"end":{"line":58,"column":null}}}},"branchMap":{"0":{"loc":{"start":{"line":17,"column":12},"end":{"line":19,"column":13}},"type":"if","locations":[{"start":{"line":17,"column":12},"end":{"line":19,"column":13}},{"start":{},"end":{}}]},"1":{"loc":{"start":{"line":17,"column":16},"end":{"line":17,"column":70}},"type":"binary-expr","locations":[{"start":{"line":17,"column":16},"end":{"line":17,"column":42}},{"start":{"line":17,"column":46},"end":{"line":17,"column":70}}]},"2":{"loc":{"start":{"line":45,"column":49},"end":{"line":45,"column":96}},"type":"binary-expr","locations":[{"start":{"line":45,"column":49},"end":{"line":45,"column":62}},{"start":{"line":45,"column":66},"end":{"line":45,"column":96}}]},"3":{"loc":{"start":{"line":56,"column":49},"end":{"line":56,"column":96}},"type":"binary-expr","locations":[{"start":{"line":56,"column":49},"end":{"line":56,"column":62}},{"start":{"line":56,"column":66},"end":{"line":56,"column":96}}]}},"s":{"0":1,"1":6,"2":6,"3":6,"4":6,"5":2,"6":4,"7":4,"8":2,"9":2,"10":2,"11":2,"12":2,"13":1,"14":1,"15":1},"f":{"0":1,"1":6,"2":2},"b":{"0":[2,4],"1":[6,5],"2":[2,0],"3":[1,0]}}
,"/home/gianverdum/projects/fullcycle/tdd/src/infrastructure/web/property_controller.ts": {"path":"/home/gianverdum/projects/fullcycle/tdd/src/infrastructure/web/property_controller.ts","statementMap":{"0":{"start":{"line":10,"column":8},"end":{"line":10,"column":47}},"1":{"start":{"line":14,"column":8},"end":{"line":39,"column":9}},"2":{"start":{"line":15,"column":43},"end":{"line":20,"column":null}},"3":{"start":{"line":22,"column":12},"end":{"line":24,"column":13}},"4":{"start":{"line":23,"column":16},"end":{"line":23,"column":72}},"5":{"start":{"line":26,"column":29},"end":{"line":26,"column":75}},"6":{"start":{"line":27,"column":12},"end":{"line":36,"column":15}},"7":{"start":{"line":38,"column":12},"end":{"line":38,"column":100}},"8":{"start":{"line":6,"column":0},"end":{"line":6,"column":13}}},"fnMap":{"0":{"name":"(anonymous_0)","decl":{"start":{"line":9,"column":4},"end":{"line":9,"column":16}},"loc":{"start":{"line":9,"column":48},"end":{"line":11,"column":5}}},"1":{"name":"(anonymous_1)","decl":{"start":{"line":13,"column":10},"end":{"line":13,"column":24}},"loc":{"start":{"line":13,"column":52},"end":{"line":40,"column":null}}}},"branchMap":{"0":{"loc":{"start":{"line":22,"column":12},"end":{"line":24,"column":13}},"type":"if","locations":[{"start":{"line":22,"column":12},"end":{"line":24,"column":13}},{"start":{},"end":{}}]},"1":{"loc":{"start":{"line":38,"column":49},"end":{"line":38,"column":96}},"type":"binary-expr","locations":[{"start":{"line":38,"column":49},"end":{"line":38,"column":62}},{"start":{"line":38,"column":66},"end":{"line":38,"column":96}}]}},"s":{"0":1,"1":4,"2":4,"3":4,"4":1,"5":3,"6":1,"7":3,"8":1},"f":{"0":1,"1":4},"b":{"0":[1,3],"1":[3,0]}}
,"/home/gianverdum/projects/fullcycle/tdd/src/infrastructure/web/user_controller.ts": {"path":"/home/gianverdum/projects/fullcycle/tdd/src/infrastructure/web/user_controller.ts","statementMap":{"0":{"start":{"line":6,"column":24},"end":{"line":6,"column":48}},"1":{"start":{"line":9,"column":8},"end":{"line":24,"column":9}},"2":{"start":{"line":10,"column":39},"end":{"line":12,"column":14}},"3":{"start":{"line":14,"column":25},"end":{"line":14,"column":63}},"4":{"start":{"line":15,"column":12},"end":{"line":21,"column":15}},"5":{"start":{"line":23,"column":12},"end":{"line":23,"column":100}},"6":{"start":{"line":5,"column":0},"end":{"line":5,"column":13}}},"fnMap":{"0":{"name":"(anonymous_0)","decl":{"start":{"line":6,"column":4},"end":{"line":6,"column":24}},"loc":{"start":{"line":6,"column":48},"end":{"line":6,"column":52}}},"1":{"name":"(anonymous_1)","decl":{"start":{"line":8,"column":10},"end":{"line":8,"column":20}},"loc":{"start":{"line":8,"column":48},"end":{"line":25,"column":null}}}},"branchMap":{"0":{"loc":{"start":{"line":23,"column":49},"end":{"line":23,"column":96}},"type":"binary-expr","locations":[{"start":{"line":23,"column":49},"end":{"line":23,"column":62}},{"start":{"line":23,"column":66},"end":{"line":23,"column":96}}]}},"s":{"0":1,"1":2,"2":2,"3":2,"4":1,"5":1,"6":1},"f":{"0":1,"1":2},"b":{"0":[1,0]}}
}
