TN:
SF:src/application/factories/date_range_factory.ts
FN:4,(anonymous_0)
FNF:1
FNH:1
FNDA:3,(anonymous_0)
DA:1,1
DA:3,1
DA:5,3
LF:3
LH:3
BRF:0
BRH:0
end_of_record
TN:
SF:src/application/services/booking_service.ts
FN:10,(anonymous_0)
FN:16,(anonymous_1)
FN:40,(anonymous_3)
FNF:3
FNH:3
FNDA:7,(anonymous_0)
FNDA:10,(anonymous_1)
FNDA:4,(anonymous_3)
DA:1,2
DA:7,2
DA:9,2
DA:11,7
DA:12,7
DA:13,7
DA:14,7
DA:17,10
DA:18,10
DA:19,2
DA:21,8
DA:22,8
DA:23,1
DA:25,7
DA:27,7
DA:35,5
DA:37,5
DA:41,4
DA:43,4
DA:44,2
DA:47,2
DA:48,2
LF:22
LH:22
BRDA:18,0,0,2
BRDA:18,0,1,8
BRDA:22,1,0,1
BRDA:22,1,1,7
BRDA:43,2,0,2
BRDA:43,2,1,2
BRDA:47,3,0,0
BRDA:47,3,1,2
BRDA:47,4,0,2
BRDA:47,4,1,2
BRF:10
BRH:9
end_of_record
TN:
SF:src/application/services/property_service.ts
FN:7,(anonymous_0)
FN:9,(anonymous_1)
FN:25,(anonymous_3)
FNF:3
FNH:3
FNDA:5,(anonymous_0)
FNDA:3,(anonymous_1)
FNDA:7,(anonymous_3)
DA:1,4
DA:4,4
DA:6,4
DA:7,5
DA:10,3
DA:17,1
DA:18,0
DA:21,1
DA:22,1
DA:26,7
LF:10
LH:9
BRDA:17,0,0,0
BRDA:17,0,1,1
BRF:2
BRH:1
end_of_record
TN:
SF:src/application/services/user_service.ts
FN:7,(anonymous_0)
FN:9,(anonymous_1)
FN:18,(anonymous_3)
FNF:3
FNH:3
FNDA:5,(anonymous_0)
FNDA:2,(anonymous_1)
FNDA:6,(anonymous_3)
DA:1,4
DA:4,4
DA:6,4
DA:7,5
DA:10,2
DA:11,1
DA:12,0
DA:14,1
DA:15,1
DA:19,6
LF:10
LH:9
BRDA:11,0,0,0
BRDA:11,0,1,1
BRF:2
BRH:1
end_of_record
TN:
SF:src/database/migrations/1753801675226-Init.ts
FN:3,(anonymous_0)
FN:6,(anonymous_1)
FN:14,(anonymous_3)
FNF:3
FNH:2
FNDA:6,(anonymous_0)
FNDA:6,(anonymous_1)
FNDA:0,(anonymous_3)
DA:3,6
DA:4,6
DA:7,6
DA:8,6
DA:9,6
DA:10,6
DA:11,6
DA:15,0
DA:16,0
DA:17,0
DA:18,0
DA:19,0
LF:12
LH:7
BRF:0
BRH:0
end_of_record
TN:
SF:src/domain/cancelation/full_refund.ts
FN:4,(anonymous_0)
FNF:1
FNH:1
FNDA:4,(anonymous_0)
DA:3,8
DA:5,4
LF:2
LH:2
BRF:0
BRH:0
end_of_record
TN:
SF:src/domain/cancelation/no_refund.ts
FN:4,(anonymous_0)
FNF:1
FNH:1
FNDA:6,(anonymous_0)
DA:3,8
DA:5,6
LF:2
LH:2
BRF:0
BRH:0
end_of_record
TN:
SF:src/domain/cancelation/partial_refund.ts
FN:4,(anonymous_0)
FNF:1
FNH:1
FNDA:6,(anonymous_0)
DA:3,8
DA:5,6
LF:2
LH:2
BRF:0
BRH:0
end_of_record
TN:
SF:src/domain/cancelation/refund_rule_factory.ts
FN:7,(anonymous_0)
FNF:1
FNH:1
FNDA:17,(anonymous_0)
DA:1,7
DA:2,7
DA:3,7
DA:6,7
DA:8,17
DA:9,2
DA:10,15
DA:11,10
DA:13,5
LF:9
LH:9
BRDA:8,0,0,2
BRDA:8,0,1,15
BRDA:10,1,0,10
BRDA:10,1,1,5
BRF:4
BRH:4
end_of_record
TN:
SF:src/domain/entities/booking.ts
FN:15,(anonymous_0)
FN:34,(anonymous_1)
FN:38,(anonymous_2)
FN:42,(anonymous_3)
FN:46,(anonymous_4)
FN:50,(anonymous_5)
FN:54,(anonymous_6)
FN:58,(anonymous_7)
FN:62,(anonymous_8)
FN:66,(anonymous_9)
FN:81,(anonymous_10)
FNF:11
FNH:11
FNDA:29,(anonymous_0)
FNDA:21,(anonymous_1)
FNDA:13,(anonymous_2)
FNDA:12,(anonymous_3)
FNDA:1,(anonymous_4)
FNDA:28,(anonymous_5)
FNDA:13,(anonymous_6)
FNDA:19,(anonymous_7)
FNDA:15,(anonymous_8)
FNDA:8,(anonymous_9)
FNDA:29,(anonymous_10)
DA:1,6
DA:6,6
DA:12,29
DA:22,29
DA:23,29
DA:24,29
DA:25,29
DA:26,29
DA:27,29
DA:28,29
DA:29,29
DA:31,22
DA:35,21
DA:39,13
DA:43,12
DA:47,1
DA:51,28
DA:55,13
DA:59,19
DA:63,15
DA:67,8
DA:68,1
DA:71,7
DA:72,7
DA:73,7
DA:75,7
DA:76,7
DA:78,7
DA:82,29
DA:83,1
DA:85,28
DA:86,3
DA:88,25
DA:89,24
DA:90,2
LF:35
LH:35
BRDA:67,0,0,1
BRDA:67,0,1,7
BRDA:82,1,0,1
BRDA:82,1,1,28
BRDA:85,2,0,3
BRDA:85,2,1,25
BRDA:85,3,0,28
BRDA:85,3,1,25
BRDA:89,4,0,2
BRDA:89,4,1,22
BRF:10
BRH:10
end_of_record
TN:
SF:src/domain/entities/property.ts
FN:7,(anonymous_0)
FN:22,(anonymous_1)
FN:26,(anonymous_2)
FN:30,(anonymous_3)
FN:34,(anonymous_4)
FN:38,(anonymous_5)
FN:42,(anonymous_6)
FN:48,(anonymous_7)
FN:57,(anonymous_8)
FN:59,(anonymous_9)
FN:65,(anonymous_10)
FN:69,(anonymous_11)
FNF:12
FNH:12
FNDA:63,(anonymous_0)
FNDA:38,(anonymous_1)
FNDA:25,(anonymous_2)
FNDA:21,(anonymous_3)
FNDA:23,(anonymous_4)
FNDA:21,(anonymous_5)
FNDA:22,(anonymous_6)
FNDA:27,(anonymous_7)
FNDA:22,(anonymous_8)
FNDA:3,(anonymous_9)
FNDA:19,(anonymous_10)
FNDA:63,(anonymous_11)
DA:4,10
DA:6,63
DA:8,63
DA:9,63
DA:10,63
DA:11,63
DA:12,63
DA:14,63
DA:19,63
DA:23,38
DA:27,25
DA:31,21
DA:35,23
DA:39,21
DA:43,22
DA:44,2
DA:49,27
DA:50,27
DA:51,27
DA:52,16
DA:54,11
DA:58,22
DA:60,3
DA:66,19
DA:70,63
DA:71,1
DA:73,62
DA:74,3
DA:76,59
DA:77,2
DA:79,57
DA:80,2
LF:32
LH:32
BRDA:43,0,0,2
BRDA:43,0,1,20
BRDA:51,1,0,16
BRDA:51,1,1,11
BRDA:60,2,0,3
BRDA:60,2,1,3
BRDA:70,3,0,1
BRDA:70,3,1,62
BRDA:73,4,0,3
BRDA:73,4,1,59
BRDA:76,5,0,2
BRDA:76,5,1,57
BRDA:79,6,0,2
BRDA:79,6,1,55
BRF:14
BRH:14
end_of_record
TN:
SF:src/domain/entities/user.ts
FN:6,(anonymous_0)
FN:17,(anonymous_1)
FN:21,(anonymous_2)
FNF:3
FNH:3
FNDA:53,(anonymous_0)
FNDA:37,(anonymous_1)
FNDA:23,(anonymous_2)
DA:1,10
DA:7,53
DA:8,2
DA:10,51
DA:11,1
DA:13,50
DA:14,50
DA:18,37
DA:22,23
LF:9
LH:9
BRDA:7,0,0,2
BRDA:7,0,1,51
BRDA:10,1,0,1
BRDA:10,1,1,50
BRF:4
BRH:4
end_of_record
TN:
SF:src/domain/value_objects/date_range.ts
FN:5,(anonymous_0)
FN:11,(anonymous_1)
FN:15,(anonymous_2)
FN:19,(anonymous_3)
FN:24,(anonymous_4)
FN:30,(anonymous_5)
FNF:6
FNH:6
FNDA:35,(anonymous_0)
FNDA:23,(anonymous_1)
FNDA:17,(anonymous_2)
FNDA:29,(anonymous_3)
FNDA:4,(anonymous_4)
FNDA:35,(anonymous_5)
DA:1,6
DA:6,35
DA:7,33
DA:8,33
DA:12,23
DA:16,17
DA:20,29
DA:21,29
DA:25,4
DA:31,35
DA:32,1
DA:34,34
DA:35,1
LF:13
LH:13
BRDA:26,0,0,4
BRDA:26,0,1,4
BRDA:31,1,0,1
BRDA:31,1,1,34
BRDA:34,2,0,1
BRDA:34,2,1,33
BRF:6
BRH:6
end_of_record
TN:
SF:src/infrastructure/persistence/entities/booking_entity.ts
FN:10,(anonymous_0)
FN:10,(anonymous_1)
FN:16,(anonymous_2)
FNF:3
FNH:3
FNDA:4,(anonymous_0)
FNDA:4,(anonymous_1)
FNDA:4,(anonymous_2)
DA:1,6
DA:2,6
DA:3,6
DA:6,6
DA:8,6
DA:10,4
DA:14,6
DA:16,4
DA:18,6
DA:21,6
DA:24,6
DA:27,6
DA:30,6
DA:33,6
LF:14
LH:14
BRF:0
BRH:0
end_of_record
TN:
SF:src/infrastructure/persistence/entities/property_entity.ts
FN:21,(anonymous_0)
FN:21,(anonymous_1)
FNF:2
FNH:2
FNDA:4,(anonymous_0)
FNDA:4,(anonymous_1)
DA:1,6
DA:2,6
DA:5,6
DA:7,6
DA:10,6
DA:13,6
DA:16,6
DA:19,6
DA:21,4
DA:22,6
LF:10
LH:10
BRF:0
BRH:0
end_of_record
TN:
SF:src/infrastructure/persistence/entities/user_entity.ts
FNF:0
FNH:0
DA:1,8
DA:4,8
DA:6,8
DA:9,8
LF:4
LH:4
BRF:0
BRH:0
end_of_record
TN:
SF:src/infrastructure/persistence/mappers/booking_mapper.ts
FN:9,(anonymous_0)
FN:27,(anonymous_1)
FNF:2
FNH:2
FNDA:6,(anonymous_0)
FNDA:7,(anonymous_1)
DA:1,3
DA:3,3
DA:4,3
DA:5,3
DA:6,3
DA:8,3
DA:10,6
DA:11,6
DA:13,6
DA:21,4
DA:22,4
DA:24,4
DA:28,7
DA:29,7
DA:30,7
DA:31,7
DA:32,7
DA:33,7
DA:34,7
DA:35,7
DA:36,7
DA:38,7
LF:22
LH:22
BRDA:15,0,0,6
BRDA:15,0,1,6
BRF:2
BRH:2
end_of_record
TN:
SF:src/infrastructure/persistence/mappers/property_mapper.ts
FN:5,(anonymous_0)
FN:15,(anonymous_1)
FNF:2
FNH:2
FNDA:20,(anonymous_0)
FNDA:11,(anonymous_1)
DA:1,6
DA:2,6
DA:4,6
DA:6,20
DA:16,11
DA:17,11
DA:18,11
DA:19,11
DA:20,11
DA:21,11
DA:22,11
LF:11
LH:11
BRF:0
BRH:0
end_of_record
TN:
SF:src/infrastructure/persistence/mappers/user_mappers.ts
FN:5,(anonymous_0)
FN:9,(anonymous_1)
FNF:2
FNH:2
FNDA:17,(anonymous_0)
FNDA:10,(anonymous_1)
DA:1,5
DA:2,5
DA:4,5
DA:6,17
DA:10,10
DA:11,10
DA:12,10
DA:13,10
LF:8
LH:8
BRF:0
BRH:0
end_of_record
TN:
SF:src/infrastructure/repositories/fake_booking_repository.ts
FN:4,(anonymous_0)
FN:7,(anonymous_1)
FN:10,(anonymous_3)
FN:11,(anonymous_5)
FNF:4
FNH:4
FNDA:6,(anonymous_0)
FNDA:4,(anonymous_1)
FNDA:4,(anonymous_3)
FNDA:3,(anonymous_5)
DA:4,1
DA:5,6
DA:8,4
DA:11,4
LF:4
LH:4
BRDA:11,0,0,4
BRDA:11,0,1,1
BRF:2
BRH:2
end_of_record
TN:
SF:src/infrastructure/repositories/fake_property_repository.ts
FN:4,(anonymous_0)
FN:9,(anonymous_1)
FN:12,(anonymous_3)
FN:13,(anonymous_5)
FNF:4
FNH:4
FNDA:3,(anonymous_0)
FNDA:1,(anonymous_1)
FNDA:3,(anonymous_3)
FNDA:6,(anonymous_5)
DA:1,1
DA:4,1
DA:5,3
DA:10,1
DA:13,6
LF:5
LH:5
BRDA:13,0,0,3
BRDA:13,0,1,1
BRF:2
BRH:2
end_of_record
TN:
SF:src/infrastructure/repositories/fake_user_repository.ts
FN:4,(anonymous_0)
FN:10,(anonymous_1)
FN:11,(anonymous_3)
FN:14,(anonymous_4)
FNF:4
FNH:4
FNDA:3,(anonymous_0)
FNDA:3,(anonymous_1)
FNDA:6,(anonymous_3)
FNDA:1,(anonymous_4)
DA:1,1
DA:4,1
DA:5,3
DA:11,6
DA:15,1
LF:5
LH:5
BRDA:11,0,0,3
BRDA:11,0,1,1
BRF:2
BRH:2
end_of_record
TN:
SF:src/infrastructure/repositories/typeorm_booking_repository.ts
FN:10,(anonymous_0)
FN:14,(anonymous_1)
FN:18,(anonymous_3)
FNF:3
FNH:3
FNDA:2,(anonymous_0)
FNDA:6,(anonymous_1)
FNDA:5,(anonymous_3)
DA:5,2
DA:7,2
DA:11,2
DA:15,6
DA:16,6
DA:19,5
DA:23,5
LF:7
LH:7
BRDA:23,0,0,3
BRDA:23,0,1,2
BRF:2
BRH:2
end_of_record
TN:
SF:src/infrastructure/repositories/typeorm_property_repository.ts
FN:10,(anonymous_0)
FN:14,(anonymous_1)
FN:19,(anonymous_3)
FNF:3
FNH:3
FNDA:3,(anonymous_0)
FNDA:3,(anonymous_1)
FNDA:6,(anonymous_3)
DA:3,3
DA:7,3
DA:11,3
DA:15,3
DA:16,3
DA:20,6
DA:21,6
LF:7
LH:7
BRDA:21,0,0,4
BRDA:21,0,1,2
BRF:2
BRH:2
end_of_record
TN:
SF:src/infrastructure/repositories/typeorm_user_repository.ts
FN:10,(anonymous_0)
FN:14,(anonymous_1)
FN:19,(anonymous_3)
FNF:3
FNH:3
FNDA:3,(anonymous_0)
FNDA:3,(anonymous_1)
FNDA:5,(anonymous_3)
DA:5,3
DA:7,3
DA:11,3
DA:15,3
DA:16,3
DA:20,5
DA:21,5
LF:7
LH:7
BRDA:21,0,0,4
BRDA:21,0,1,1
BRF:2
BRH:2
end_of_record
TN:
SF:src/infrastructure/web/booking_controller.ts
FN:8,(anonymous_0)
FN:12,(anonymous_1)
FN:49,(anonymous_3)
FNF:3
FNH:3
FNDA:1,(anonymous_0)
FNDA:6,(anonymous_1)
FNDA:2,(anonymous_3)
DA:5,1
DA:9,1
DA:13,6
DA:14,6
DA:15,6
DA:17,6
DA:18,2
DA:21,4
DA:29,4
DA:31,2
DA:45,2
DA:50,2
DA:51,2
DA:52,2
DA:54,1
DA:56,1
LF:16
LH:16
BRDA:17,0,0,2
BRDA:17,0,1,4
BRDA:17,1,0,6
BRDA:17,1,1,5
BRDA:45,2,0,2
BRDA:45,2,1,0
BRDA:56,3,0,1
BRDA:56,3,1,0
BRF:8
BRH:6
end_of_record
TN:
SF:src/infrastructure/web/property_controller.ts
FN:9,(anonymous_0)
FN:13,(anonymous_1)
FNF:2
FNH:2
FNDA:1,(anonymous_0)
FNDA:4,(anonymous_1)
DA:6,1
DA:10,1
DA:14,4
DA:15,4
DA:22,4
DA:23,1
DA:26,3
DA:27,1
DA:38,3
LF:9
LH:9
BRDA:22,0,0,1
BRDA:22,0,1,3
BRDA:38,1,0,3
BRDA:38,1,1,0
BRF:4
BRH:3
end_of_record
TN:
SF:src/infrastructure/web/user_controller.ts
FN:6,(anonymous_0)
FN:8,(anonymous_1)
FNF:2
FNH:2
FNDA:1,(anonymous_0)
FNDA:2,(anonymous_1)
DA:5,1
DA:6,1
DA:9,2
DA:10,2
DA:14,2
DA:15,1
DA:23,1
LF:7
LH:7
BRDA:23,0,0,1
BRDA:23,0,1,0
BRF:2
BRH:1
end_of_record
TN:
SF:src/test/data-builders/booking.builder.ts
FN:17,(anonymous_0)
FN:25,(anonymous_1)
FN:29,(anonymous_2)
FN:34,(anonymous_3)
FN:39,(anonymous_4)
FN:44,(anonymous_5)
FN:49,(anonymous_6)
FN:54,(anonymous_7)
FNF:8
FNH:6
FNDA:2,(anonymous_0)
FNDA:2,(anonymous_1)
FNDA:0,(anonymous_2)
FNDA:2,(anonymous_3)
FNDA:2,(anonymous_4)
FNDA:0,(anonymous_5)
FNDA:2,(anonymous_6)
FNDA:2,(anonymous_7)
DA:1,1
DA:2,1
DA:3,1
DA:4,1
DA:8,1
DA:10,1
DA:18,2
DA:19,2
DA:20,2
DA:21,2
DA:22,2
DA:26,2
DA:30,0
DA:31,0
DA:35,2
DA:36,2
DA:40,2
DA:41,2
DA:45,0
DA:46,0
DA:50,2
DA:51,2
DA:55,2
DA:56,0
DA:58,2
LF:25
LH:20
BRDA:55,0,0,0
BRDA:55,0,1,2
BRDA:55,1,0,2
BRDA:55,1,1,2
BRDA:55,1,2,2
BRF:5
BRH:4
end_of_record
TN:
SF:src/test/data-builders/date_range.builder.ts
FN:8,(anonymous_0)
FN:17,(anonymous_1)
FN:21,(anonymous_2)
FN:26,(anonymous_3)
FN:31,(anonymous_4)
FN:37,(anonymous_5)
FNF:6
FNH:3
FNDA:2,(anonymous_0)
FNDA:2,(anonymous_1)
FNDA:0,(anonymous_2)
FNDA:0,(anonymous_3)
FNDA:0,(anonymous_4)
FNDA:2,(anonymous_5)
DA:1,1
DA:2,1
DA:4,1
DA:9,2
DA:11,2
DA:12,2
DA:18,2
DA:22,0
DA:23,0
DA:27,0
DA:28,0
DA:32,0
DA:33,0
DA:38,2
LF:14
LH:8
BRF:0
BRH:0
end_of_record
TN:
SF:src/test/data-builders/property.builder.ts
FN:11,(anonymous_0)
FN:19,(anonymous_1)
FN:23,(anonymous_2)
FN:28,(anonymous_3)
FN:33,(anonymous_4)
FN:38,(anonymous_5)
FN:43,(anonymous_6)
FN:48,(anonymous_7)
FNF:8
FNH:5
FNDA:9,(anonymous_0)
FNDA:9,(anonymous_1)
FNDA:7,(anonymous_2)
FNDA:0,(anonymous_3)
FNDA:0,(anonymous_4)
FNDA:7,(anonymous_5)
FNDA:0,(anonymous_6)
FNDA:9,(anonymous_7)
DA:1,1
DA:2,1
DA:4,1
DA:12,9
DA:13,9
DA:14,9
DA:15,9
DA:16,9
DA:20,9
DA:24,7
DA:25,7
DA:29,0
DA:30,0
DA:34,0
DA:35,0
DA:39,7
DA:40,7
DA:44,0
DA:45,0
DA:49,9
LF:20
LH:14
BRF:0
BRH:0
end_of_record
TN:
SF:src/test/data-builders/user.builder.ts
FN:8,(anonymous_0)
FN:13,(anonymous_1)
FN:17,(anonymous_2)
FN:22,(anonymous_3)
FN:27,(anonymous_4)
FNF:5
FNH:4
FNDA:9,(anonymous_0)
FNDA:9,(anonymous_1)
FNDA:7,(anonymous_2)
FNDA:0,(anonymous_3)
FNDA:9,(anonymous_4)
DA:1,1
DA:2,1
DA:4,1
DA:9,9
DA:10,9
DA:14,9
DA:18,7
DA:19,7
DA:23,0
DA:24,0
DA:28,9
LF:11
LH:9
BRF:0
BRH:0
end_of_record
TN:
SF:src/test/utils/create_test_datasource.ts
FN:12,getEnvOrThrow
FN:23,createTestPostgresDataSource
FNF:2
FNH:2
FNDA:24,getEnvOrThrow
FNDA:6,createTestPostgresDataSource
DA:1,6
DA:2,6
DA:3,6
DA:5,6
DA:13,24
DA:14,24
DA:15,0
DA:17,24
DA:23,6
DA:26,6
DA:27,6
DA:28,6
DA:29,6
DA:31,6
DA:40,6
DA:53,6
DA:54,6
DA:56,6
LF:18
LH:17
BRDA:14,0,0,0
BRDA:14,0,1,24
BRDA:29,1,0,6
BRDA:29,1,1,0
BRF:4
BRH:2
end_of_record
